{"/Users/samuelkungu/Desktop/Work/bright-events-reactJs/src/tests/helpers.js":{"path":"/Users/samuelkungu/Desktop/Work/bright-events-reactJs/src/tests/helpers.js","statementMap":{"0":{"start":{"line":3,"column":0},"end":{"line":3,"column":33}},"1":{"start":{"line":5,"column":13},"end":{"line":5,"column":29}},"2":{"start":{"line":7,"column":14},"end":{"line":7,"column":44}},"3":{"start":{"line":9,"column":14},"end":{"line":9,"column":31}},"4":{"start":{"line":11,"column":15},"end":{"line":11,"column":46}},"5":{"start":{"line":13,"column":26},"end":{"line":13,"column":60}},"6":{"start":{"line":15,"column":27},"end":{"line":15,"column":70}},"7":{"start":{"line":17,"column":14},"end":{"line":17,"column":31}},"8":{"start":{"line":19,"column":15},"end":{"line":19,"column":46}},"9":{"start":{"line":21,"column":13},"end":{"line":21,"column":29}},"10":{"start":{"line":23,"column":14},"end":{"line":23,"column":44}},"11":{"start":{"line":25,"column":32},"end":{"line":25,"column":70}},"12":{"start":{"line":27,"column":33},"end":{"line":27,"column":82}},"13":{"start":{"line":29,"column":39},"end":{"line":29,"column":93}},"14":{"start":{"line":31,"column":14},"end":{"line":31,"column":54}},"15":{"start":{"line":33,"column":0},"end":{"line":33,"column":31}},"16":{"start":{"line":34,"column":0},"end":{"line":34,"column":33}},"17":{"start":{"line":35,"column":0},"end":{"line":35,"column":46}},"18":{"start":{"line":36,"column":0},"end":{"line":36,"column":33}},"19":{"start":{"line":37,"column":0},"end":{"line":37,"column":29}},"20":{"start":{"line":38,"column":0},"end":{"line":38,"column":33}},"21":{"start":{"line":39,"column":0},"end":{"line":39,"column":31}},"22":{"start":{"line":40,"column":0},"end":{"line":40,"column":25}}},"fnMap":{"0":{"name":"_interopRequireDefault","decl":{"start":{"line":29,"column":9},"end":{"line":29,"column":31}},"loc":{"start":{"line":29,"column":37},"end":{"line":29,"column":95}},"line":29}},"branchMap":{"0":{"loc":{"start":{"line":29,"column":46},"end":{"line":29,"column":92}},"type":"cond-expr","locations":[{"start":{"line":29,"column":70},"end":{"line":29,"column":73}},{"start":{"line":29,"column":76},"end":{"line":29,"column":92}}],"line":29},"1":{"loc":{"start":{"line":29,"column":46},"end":{"line":29,"column":67}},"type":"binary-expr","locations":[{"start":{"line":29,"column":46},"end":{"line":29,"column":49}},{"start":{"line":29,"column":53},"end":{"line":29,"column":67}}],"line":29}},"s":{"0":1,"1":1,"2":1,"3":1,"4":1,"5":1,"6":1,"7":1,"8":1,"9":1,"10":1,"11":1,"12":1,"13":6,"14":1,"15":1,"16":1,"17":1,"18":1,"19":1,"20":1,"21":1,"22":1},"f":{"0":6},"b":{"0":[0,6],"1":[6,6]},"_coverageSchema":"d34fc3e6b8297bcde183f5492bcb8fcb36775295","hash":"ea0349860c77592e24ebd01f2656d189dc95c0f7","contentHash":"bfa5bdf81c9a978357637d9e33b38dc4_12.0.2"},"/Users/samuelkungu/Desktop/Work/bright-events-reactJs/src/components/FooterComponent.js":{"path":"/Users/samuelkungu/Desktop/Work/bright-events-reactJs/src/components/FooterComponent.js","statementMap":{"0":{"start":{"line":3,"column":0},"end":{"line":5,"column":3}},"1":{"start":{"line":6,"column":19},"end":{"line":6,"column":108}},"2":{"start":{"line":8,"column":19},"end":{"line":8,"column":563}},"3":{"start":{"line":8,"column":76},"end":{"line":8,"column":347}},"4":{"start":{"line":8,"column":134},"end":{"line":8,"column":142}},"5":{"start":{"line":8,"column":144},"end":{"line":8,"column":199}},"6":{"start":{"line":8,"column":200},"end":{"line":8,"column":231}},"7":{"start":{"line":8,"column":232},"end":{"line":8,"column":286}},"8":{"start":{"line":8,"column":259},"end":{"line":8,"column":286}},"9":{"start":{"line":8,"column":287},"end":{"line":8,"column":345}},"10":{"start":{"line":8,"column":350},"end":{"line":8,"column":559}},"11":{"start":{"line":8,"column":407},"end":{"line":8,"column":475}},"12":{"start":{"line":8,"column":423},"end":{"line":8,"column":475}},"13":{"start":{"line":8,"column":476},"end":{"line":8,"column":536}},"14":{"start":{"line":8,"column":493},"end":{"line":8,"column":536}},"15":{"start":{"line":8,"column":537},"end":{"line":8,"column":556}},"16":{"start":{"line":10,"column":13},"end":{"line":10,"column":29}},"17":{"start":{"line":12,"column":14},"end":{"line":12,"column":44}},"18":{"start":{"line":14,"column":17},"end":{"line":14,"column":38}},"19":{"start":{"line":16,"column":18},"end":{"line":16,"column":52}},"20":{"start":{"line":18,"column":14},"end":{"line":18,"column":43}},"21":{"start":{"line":20,"column":13},"end":{"line":20,"column":41}},"22":{"start":{"line":22,"column":14},"end":{"line":22,"column":44}},"23":{"start":{"line":24,"column":12},"end":{"line":24,"column":39}},"24":{"start":{"line":26,"column":13},"end":{"line":26,"column":42}},"25":{"start":{"line":28,"column":39},"end":{"line":28,"column":93}},"26":{"start":{"line":30,"column":50},"end":{"line":30,"column":151}},"27":{"start":{"line":30,"column":92},"end":{"line":30,"column":149}},"28":{"start":{"line":32,"column":50},"end":{"line":32,"column":151}},"29":{"start":{"line":32,"column":63},"end":{"line":32,"column":149}},"30":{"start":{"line":32,"column":152},"end":{"line":32,"column":238}},"31":{"start":{"line":34,"column":43},"end":{"line":34,"column":208}},"32":{"start":{"line":34,"column":106},"end":{"line":34,"column":206}},"33":{"start":{"line":34,"column":209},"end":{"line":34,"column":373}},"34":{"start":{"line":34,"column":374},"end":{"line":34,"column":492}},"35":{"start":{"line":34,"column":390},"end":{"line":34,"column":492}},"36":{"start":{"line":36,"column":13},"end":{"line":40,"column":1}},"37":{"start":{"line":42,"column":13},"end":{"line":115,"column":19}},"38":{"start":{"line":43,"column":4},"end":{"line":43,"column":34}},"39":{"start":{"line":50,"column":8},"end":{"line":50,"column":38}},"40":{"start":{"line":52,"column":8},"end":{"line":54,"column":9}},"41":{"start":{"line":53,"column":12},"end":{"line":53,"column":41}},"42":{"start":{"line":56,"column":8},"end":{"line":60,"column":59}},"43":{"start":{"line":59,"column":12},"end":{"line":59,"column":45}},"44":{"start":{"line":63,"column":4},"end":{"line":112,"column":8}},"45":{"start":{"line":66,"column":26},"end":{"line":66,"column":44}},"46":{"start":{"line":69,"column":12},"end":{"line":110,"column":14}},"47":{"start":{"line":114,"column":4},"end":{"line":114,"column":18}},"48":{"start":{"line":117,"column":0},"end":{"line":119,"column":2}},"49":{"start":{"line":121,"column":0},"end":{"line":121,"column":58}}},"fnMap":{"0":{"name":"(anonymous_0)","decl":{"start":{"line":8,"column":19},"end":{"line":8,"column":20}},"loc":{"start":{"line":8,"column":31},"end":{"line":8,"column":561}},"line":8},"1":{"name":"defineProperties","decl":{"start":{"line":8,"column":42},"end":{"line":8,"column":58}},"loc":{"start":{"line":8,"column":74},"end":{"line":8,"column":349}},"line":8},"2":{"name":"(anonymous_2)","decl":{"start":{"line":8,"column":357},"end":{"line":8,"column":358}},"loc":{"start":{"line":8,"column":405},"end":{"line":8,"column":558}},"line":8},"3":{"name":"_interopRequireDefault","decl":{"start":{"line":28,"column":9},"end":{"line":28,"column":31}},"loc":{"start":{"line":28,"column":37},"end":{"line":28,"column":95}},"line":28},"4":{"name":"_classCallCheck","decl":{"start":{"line":30,"column":9},"end":{"line":30,"column":24}},"loc":{"start":{"line":30,"column":48},"end":{"line":30,"column":153}},"line":30},"5":{"name":"_possibleConstructorReturn","decl":{"start":{"line":32,"column":9},"end":{"line":32,"column":35}},"loc":{"start":{"line":32,"column":48},"end":{"line":32,"column":240}},"line":32},"6":{"name":"_inherits","decl":{"start":{"line":34,"column":9},"end":{"line":34,"column":18}},"loc":{"start":{"line":34,"column":41},"end":{"line":34,"column":494}},"line":34},"7":{"name":"(anonymous_7)","decl":{"start":{"line":42,"column":13},"end":{"line":42,"column":14}},"loc":{"start":{"line":42,"column":35},"end":{"line":115,"column":1}},"line":42},"8":{"name":"Footer","decl":{"start":{"line":45,"column":13},"end":{"line":45,"column":19}},"loc":{"start":{"line":45,"column":22},"end":{"line":61,"column":5}},"line":45},"9":{"name":"(anonymous_9)","decl":{"start":{"line":58,"column":32},"end":{"line":58,"column":33}},"loc":{"start":{"line":58,"column":56},"end":{"line":60,"column":9}},"line":58},"10":{"name":"render","decl":{"start":{"line":65,"column":24},"end":{"line":65,"column":30}},"loc":{"start":{"line":65,"column":33},"end":{"line":111,"column":9}},"line":65}},"branchMap":{"0":{"loc":{"start":{"line":8,"column":168},"end":{"line":8,"column":198}},"type":"binary-expr","locations":[{"start":{"line":8,"column":168},"end":{"line":8,"column":189}},{"start":{"line":8,"column":193},"end":{"line":8,"column":198}}],"line":8},"1":{"loc":{"start":{"line":8,"column":232},"end":{"line":8,"column":286}},"type":"if","locations":[{"start":{"line":8,"column":232},"end":{"line":8,"column":286}},{"start":{"line":8,"column":232},"end":{"line":8,"column":286}}],"line":8},"2":{"loc":{"start":{"line":8,"column":407},"end":{"line":8,"column":475}},"type":"if","locations":[{"start":{"line":8,"column":407},"end":{"line":8,"column":475}},{"start":{"line":8,"column":407},"end":{"line":8,"column":475}}],"line":8},"3":{"loc":{"start":{"line":8,"column":476},"end":{"line":8,"column":536}},"type":"if","locations":[{"start":{"line":8,"column":476},"end":{"line":8,"column":536}},{"start":{"line":8,"column":476},"end":{"line":8,"column":536}}],"line":8},"4":{"loc":{"start":{"line":28,"column":46},"end":{"line":28,"column":92}},"type":"cond-expr","locations":[{"start":{"line":28,"column":70},"end":{"line":28,"column":73}},{"start":{"line":28,"column":76},"end":{"line":28,"column":92}}],"line":28},"5":{"loc":{"start":{"line":28,"column":46},"end":{"line":28,"column":67}},"type":"binary-expr","locations":[{"start":{"line":28,"column":46},"end":{"line":28,"column":49}},{"start":{"line":28,"column":53},"end":{"line":28,"column":67}}],"line":28},"6":{"loc":{"start":{"line":30,"column":50},"end":{"line":30,"column":151}},"type":"if","locations":[{"start":{"line":30,"column":50},"end":{"line":30,"column":151}},{"start":{"line":30,"column":50},"end":{"line":30,"column":151}}],"line":30},"7":{"loc":{"start":{"line":32,"column":50},"end":{"line":32,"column":151}},"type":"if","locations":[{"start":{"line":32,"column":50},"end":{"line":32,"column":151}},{"start":{"line":32,"column":50},"end":{"line":32,"column":151}}],"line":32},"8":{"loc":{"start":{"line":32,"column":159},"end":{"line":32,"column":237}},"type":"cond-expr","locations":[{"start":{"line":32,"column":226},"end":{"line":32,"column":230}},{"start":{"line":32,"column":233},"end":{"line":32,"column":237}}],"line":32},"9":{"loc":{"start":{"line":32,"column":159},"end":{"line":32,"column":223}},"type":"binary-expr","locations":[{"start":{"line":32,"column":159},"end":{"line":32,"column":163}},{"start":{"line":32,"column":168},"end":{"line":32,"column":192}},{"start":{"line":32,"column":196},"end":{"line":32,"column":222}}],"line":32},"10":{"loc":{"start":{"line":34,"column":43},"end":{"line":34,"column":208}},"type":"if","locations":[{"start":{"line":34,"column":43},"end":{"line":34,"column":208}},{"start":{"line":34,"column":43},"end":{"line":34,"column":208}}],"line":34},"11":{"loc":{"start":{"line":34,"column":47},"end":{"line":34,"column":102}},"type":"binary-expr","locations":[{"start":{"line":34,"column":47},"end":{"line":34,"column":79}},{"start":{"line":34,"column":83},"end":{"line":34,"column":102}}],"line":34},"12":{"loc":{"start":{"line":34,"column":244},"end":{"line":34,"column":278}},"type":"binary-expr","locations":[{"start":{"line":34,"column":244},"end":{"line":34,"column":254}},{"start":{"line":34,"column":258},"end":{"line":34,"column":278}}],"line":34},"13":{"loc":{"start":{"line":34,"column":374},"end":{"line":34,"column":492}},"type":"if","locations":[{"start":{"line":34,"column":374},"end":{"line":34,"column":492}},{"start":{"line":34,"column":374},"end":{"line":34,"column":492}}],"line":34},"14":{"loc":{"start":{"line":34,"column":390},"end":{"line":34,"column":491}},"type":"cond-expr","locations":[{"start":{"line":34,"column":414},"end":{"line":34,"column":457}},{"start":{"line":34,"column":460},"end":{"line":34,"column":491}}],"line":34},"15":{"loc":{"start":{"line":56,"column":81},"end":{"line":56,"column":130}},"type":"binary-expr","locations":[{"start":{"line":56,"column":81},"end":{"line":56,"column":97}},{"start":{"line":56,"column":101},"end":{"line":56,"column":130}}],"line":56}},"s":{"0":1,"1":1,"2":1,"3":1,"4":1,"5":1,"6":1,"7":1,"8":1,"9":1,"10":1,"11":1,"12":1,"13":1,"14":0,"15":1,"16":1,"17":1,"18":1,"19":1,"20":1,"21":1,"22":1,"23":1,"24":1,"25":4,"26":2,"27":0,"28":4,"29":0,"30":4,"31":1,"32":0,"33":1,"34":1,"35":1,"36":1,"37":1,"38":1,"39":2,"40":2,"41":4,"42":2,"43":0,"44":1,"45":2,"46":2,"47":1,"48":1,"49":1},"f":{"0":1,"1":1,"2":1,"3":4,"4":2,"5":4,"6":1,"7":1,"8":2,"9":0,"10":2},"b":{"0":[1,1],"1":[1,0],"2":[1,0],"3":[0,1],"4":[2,2],"5":[4,4],"6":[0,2],"7":[0,4],"8":[2,2],"9":[4,2,0],"10":[0,1],"11":[1,0],"12":[1,1],"13":[1,0],"14":[1,0],"15":[2,0]},"_coverageSchema":"d34fc3e6b8297bcde183f5492bcb8fcb36775295","hash":"acecdca7c66d662081fcdc83d2449665e10377d4","contentHash":"ae18edb2c06ccc8e71ea7d104a33e77f_12.0.2"},"/Users/samuelkungu/Desktop/Work/bright-events-reactJs/src/components/HeaderComponent.js":{"path":"/Users/samuelkungu/Desktop/Work/bright-events-reactJs/src/components/HeaderComponent.js","statementMap":{"0":{"start":{"line":3,"column":0},"end":{"line":5,"column":3}},"1":{"start":{"line":7,"column":19},"end":{"line":7,"column":563}},"2":{"start":{"line":7,"column":76},"end":{"line":7,"column":347}},"3":{"start":{"line":7,"column":134},"end":{"line":7,"column":142}},"4":{"start":{"line":7,"column":144},"end":{"line":7,"column":199}},"5":{"start":{"line":7,"column":200},"end":{"line":7,"column":231}},"6":{"start":{"line":7,"column":232},"end":{"line":7,"column":286}},"7":{"start":{"line":7,"column":259},"end":{"line":7,"column":286}},"8":{"start":{"line":7,"column":287},"end":{"line":7,"column":345}},"9":{"start":{"line":7,"column":350},"end":{"line":7,"column":559}},"10":{"start":{"line":7,"column":407},"end":{"line":7,"column":475}},"11":{"start":{"line":7,"column":423},"end":{"line":7,"column":475}},"12":{"start":{"line":7,"column":476},"end":{"line":7,"column":536}},"13":{"start":{"line":7,"column":493},"end":{"line":7,"column":536}},"14":{"start":{"line":7,"column":537},"end":{"line":7,"column":556}},"15":{"start":{"line":9,"column":19},"end":{"line":9,"column":108}},"16":{"start":{"line":11,"column":13},"end":{"line":11,"column":29}},"17":{"start":{"line":13,"column":14},"end":{"line":13,"column":44}},"18":{"start":{"line":15,"column":17},"end":{"line":15,"column":38}},"19":{"start":{"line":17,"column":18},"end":{"line":17,"column":52}},"20":{"start":{"line":19,"column":14},"end":{"line":19,"column":43}},"21":{"start":{"line":21,"column":18},"end":{"line":21,"column":40}},"22":{"start":{"line":23,"column":14},"end":{"line":23,"column":43}},"23":{"start":{"line":25,"column":15},"end":{"line":25,"column":46}},"24":{"start":{"line":27,"column":18},"end":{"line":27,"column":58}},"25":{"start":{"line":29,"column":19},"end":{"line":29,"column":54}},"26":{"start":{"line":31,"column":22},"end":{"line":31,"column":49}},"27":{"start":{"line":33,"column":11},"end":{"line":33,"column":28}},"28":{"start":{"line":35,"column":12},"end":{"line":35,"column":39}},"29":{"start":{"line":37,"column":13},"end":{"line":37,"column":42}},"30":{"start":{"line":39,"column":16},"end":{"line":39,"column":54}},"31":{"start":{"line":41,"column":17},"end":{"line":41,"column":50}},"32":{"start":{"line":43,"column":18},"end":{"line":43,"column":51}},"33":{"start":{"line":45,"column":19},"end":{"line":45,"column":54}},"34":{"start":{"line":47,"column":21},"end":{"line":47,"column":64}},"35":{"start":{"line":49,"column":22},"end":{"line":49,"column":60}},"36":{"start":{"line":51,"column":27},"end":{"line":51,"column":60}},"37":{"start":{"line":53,"column":28},"end":{"line":53,"column":72}},"38":{"start":{"line":55,"column":13},"end":{"line":55,"column":29}},"39":{"start":{"line":57,"column":14},"end":{"line":57,"column":44}},"40":{"start":{"line":59,"column":22},"end":{"line":59,"column":56}},"41":{"start":{"line":61,"column":16},"end":{"line":61,"column":44}},"42":{"start":{"line":63,"column":17},"end":{"line":63,"column":50}},"43":{"start":{"line":65,"column":15},"end":{"line":65,"column":51}},"44":{"start":{"line":67,"column":16},"end":{"line":67,"column":48}},"45":{"start":{"line":69,"column":21},"end":{"line":69,"column":54}},"46":{"start":{"line":71,"column":22},"end":{"line":71,"column":60}},"47":{"start":{"line":73,"column":19},"end":{"line":73,"column":50}},"48":{"start":{"line":75,"column":20},"end":{"line":75,"column":56}},"49":{"start":{"line":77,"column":39},"end":{"line":77,"column":93}},"50":{"start":{"line":79,"column":44},"end":{"line":79,"column":195}},"51":{"start":{"line":79,"column":62},"end":{"line":79,"column":166}},"52":{"start":{"line":79,"column":176},"end":{"line":79,"column":193}},"53":{"start":{"line":79,"column":196},"end":{"line":79,"column":207}},"54":{"start":{"line":81,"column":50},"end":{"line":81,"column":151}},"55":{"start":{"line":81,"column":92},"end":{"line":81,"column":149}},"56":{"start":{"line":83,"column":50},"end":{"line":83,"column":151}},"57":{"start":{"line":83,"column":63},"end":{"line":83,"column":149}},"58":{"start":{"line":83,"column":152},"end":{"line":83,"column":238}},"59":{"start":{"line":85,"column":43},"end":{"line":85,"column":208}},"60":{"start":{"line":85,"column":106},"end":{"line":85,"column":206}},"61":{"start":{"line":85,"column":209},"end":{"line":85,"column":373}},"62":{"start":{"line":85,"column":374},"end":{"line":85,"column":492}},"63":{"start":{"line":85,"column":390},"end":{"line":85,"column":492}},"64":{"start":{"line":87,"column":13},"end":{"line":99,"column":1}},"65":{"start":{"line":101,"column":15},"end":{"line":101,"column":19}},"66":{"start":{"line":103,"column":16},"end":{"line":111,"column":1}},"67":{"start":{"line":104,"column":2},"end":{"line":110,"column":6}},"68":{"start":{"line":112,"column":17},"end":{"line":120,"column":1}},"69":{"start":{"line":113,"column":2},"end":{"line":119,"column":6}},"70":{"start":{"line":121,"column":15},"end":{"line":129,"column":1}},"71":{"start":{"line":122,"column":2},"end":{"line":128,"column":6}},"72":{"start":{"line":130,"column":11},"end":{"line":130,"column":38}},"73":{"start":{"line":132,"column":19},"end":{"line":406,"column":19}},"74":{"start":{"line":133,"column":2},"end":{"line":133,"column":38}},"75":{"start":{"line":136,"column":4},"end":{"line":136,"column":40}},"76":{"start":{"line":138,"column":16},"end":{"line":138,"column":131}},"77":{"start":{"line":140,"column":4},"end":{"line":142,"column":6}},"78":{"start":{"line":141,"column":6},"end":{"line":141,"column":56}},"79":{"start":{"line":144,"column":4},"end":{"line":146,"column":6}},"80":{"start":{"line":145,"column":6},"end":{"line":145,"column":41}},"81":{"start":{"line":148,"column":4},"end":{"line":150,"column":6}},"82":{"start":{"line":149,"column":6},"end":{"line":149,"column":45}},"83":{"start":{"line":152,"column":4},"end":{"line":154,"column":6}},"84":{"start":{"line":153,"column":6},"end":{"line":153,"column":44}},"85":{"start":{"line":156,"column":4},"end":{"line":162,"column":29}},"86":{"start":{"line":164,"column":19},"end":{"line":164,"column":23}},"87":{"start":{"line":166,"column":4},"end":{"line":166,"column":17}},"88":{"start":{"line":178,"column":2},"end":{"line":403,"column":6}},"89":{"start":{"line":181,"column":19},"end":{"line":181,"column":23}},"90":{"start":{"line":183,"column":20},"end":{"line":183,"column":38}},"91":{"start":{"line":184,"column":21},"end":{"line":184,"column":40}},"92":{"start":{"line":186,"column":17},"end":{"line":186,"column":34}},"93":{"start":{"line":188,"column":6},"end":{"line":401,"column":8}},"94":{"start":{"line":207,"column":12},"end":{"line":392,"column":14}},"95":{"start":{"line":328,"column":26},"end":{"line":334,"column":30}},"96":{"start":{"line":405,"column":2},"end":{"line":405,"column":22}},"97":{"start":{"line":408,"column":0},"end":{"line":410,"column":2}},"98":{"start":{"line":412,"column":0},"end":{"line":412,"column":64}}},"fnMap":{"0":{"name":"(anonymous_0)","decl":{"start":{"line":7,"column":19},"end":{"line":7,"column":20}},"loc":{"start":{"line":7,"column":31},"end":{"line":7,"column":561}},"line":7},"1":{"name":"defineProperties","decl":{"start":{"line":7,"column":42},"end":{"line":7,"column":58}},"loc":{"start":{"line":7,"column":74},"end":{"line":7,"column":349}},"line":7},"2":{"name":"(anonymous_2)","decl":{"start":{"line":7,"column":357},"end":{"line":7,"column":358}},"loc":{"start":{"line":7,"column":405},"end":{"line":7,"column":558}},"line":7},"3":{"name":"_interopRequireDefault","decl":{"start":{"line":77,"column":9},"end":{"line":77,"column":31}},"loc":{"start":{"line":77,"column":37},"end":{"line":77,"column":95}},"line":77},"4":{"name":"_defineProperty","decl":{"start":{"line":79,"column":9},"end":{"line":79,"column":24}},"loc":{"start":{"line":79,"column":42},"end":{"line":79,"column":209}},"line":79},"5":{"name":"_classCallCheck","decl":{"start":{"line":81,"column":9},"end":{"line":81,"column":24}},"loc":{"start":{"line":81,"column":48},"end":{"line":81,"column":153}},"line":81},"6":{"name":"_possibleConstructorReturn","decl":{"start":{"line":83,"column":9},"end":{"line":83,"column":35}},"loc":{"start":{"line":83,"column":48},"end":{"line":83,"column":240}},"line":83},"7":{"name":"_inherits","decl":{"start":{"line":85,"column":9},"end":{"line":85,"column":18}},"loc":{"start":{"line":85,"column":41},"end":{"line":85,"column":494}},"line":85},"8":{"name":"loginLink","decl":{"start":{"line":103,"column":25},"end":{"line":103,"column":34}},"loc":{"start":{"line":103,"column":42},"end":{"line":111,"column":1}},"line":103},"9":{"name":"signupLink","decl":{"start":{"line":112,"column":26},"end":{"line":112,"column":36}},"loc":{"start":{"line":112,"column":44},"end":{"line":120,"column":1}},"line":112},"10":{"name":"homeLink","decl":{"start":{"line":121,"column":24},"end":{"line":121,"column":32}},"loc":{"start":{"line":121,"column":40},"end":{"line":129,"column":1}},"line":121},"11":{"name":"(anonymous_11)","decl":{"start":{"line":132,"column":19},"end":{"line":132,"column":20}},"loc":{"start":{"line":132,"column":41},"end":{"line":406,"column":1}},"line":132},"12":{"name":"CustomHeader","decl":{"start":{"line":135,"column":11},"end":{"line":135,"column":23}},"loc":{"start":{"line":135,"column":31},"end":{"line":167,"column":3}},"line":135},"13":{"name":"(anonymous_13)","decl":{"start":{"line":140,"column":23},"end":{"line":140,"column":24}},"loc":{"start":{"line":140,"column":40},"end":{"line":142,"column":5}},"line":140},"14":{"name":"(anonymous_14)","decl":{"start":{"line":144,"column":24},"end":{"line":144,"column":25}},"loc":{"start":{"line":144,"column":36},"end":{"line":146,"column":5}},"line":144},"15":{"name":"(anonymous_15)","decl":{"start":{"line":148,"column":31},"end":{"line":148,"column":32}},"loc":{"start":{"line":148,"column":43},"end":{"line":150,"column":5}},"line":148},"16":{"name":"(anonymous_16)","decl":{"start":{"line":152,"column":30},"end":{"line":152,"column":31}},"loc":{"start":{"line":152,"column":42},"end":{"line":154,"column":5}},"line":152},"17":{"name":"render","decl":{"start":{"line":180,"column":20},"end":{"line":180,"column":26}},"loc":{"start":{"line":180,"column":29},"end":{"line":402,"column":5}},"line":180},"18":{"name":"(anonymous_18)","decl":{"start":{"line":206,"column":10},"end":{"line":206,"column":11}},"loc":{"start":{"line":206,"column":29},"end":{"line":393,"column":11}},"line":206},"19":{"name":"(anonymous_19)","decl":{"start":{"line":327,"column":42},"end":{"line":327,"column":43}},"loc":{"start":{"line":327,"column":59},"end":{"line":335,"column":25}},"line":327}},"branchMap":{"0":{"loc":{"start":{"line":7,"column":168},"end":{"line":7,"column":198}},"type":"binary-expr","locations":[{"start":{"line":7,"column":168},"end":{"line":7,"column":189}},{"start":{"line":7,"column":193},"end":{"line":7,"column":198}}],"line":7},"1":{"loc":{"start":{"line":7,"column":232},"end":{"line":7,"column":286}},"type":"if","locations":[{"start":{"line":7,"column":232},"end":{"line":7,"column":286}},{"start":{"line":7,"column":232},"end":{"line":7,"column":286}}],"line":7},"2":{"loc":{"start":{"line":7,"column":407},"end":{"line":7,"column":475}},"type":"if","locations":[{"start":{"line":7,"column":407},"end":{"line":7,"column":475}},{"start":{"line":7,"column":407},"end":{"line":7,"column":475}}],"line":7},"3":{"loc":{"start":{"line":7,"column":476},"end":{"line":7,"column":536}},"type":"if","locations":[{"start":{"line":7,"column":476},"end":{"line":7,"column":536}},{"start":{"line":7,"column":476},"end":{"line":7,"column":536}}],"line":7},"4":{"loc":{"start":{"line":77,"column":46},"end":{"line":77,"column":92}},"type":"cond-expr","locations":[{"start":{"line":77,"column":70},"end":{"line":77,"column":73}},{"start":{"line":77,"column":76},"end":{"line":77,"column":92}}],"line":77},"5":{"loc":{"start":{"line":77,"column":46},"end":{"line":77,"column":67}},"type":"binary-expr","locations":[{"start":{"line":77,"column":46},"end":{"line":77,"column":49}},{"start":{"line":77,"column":53},"end":{"line":77,"column":67}}],"line":77},"6":{"loc":{"start":{"line":79,"column":44},"end":{"line":79,"column":195}},"type":"if","locations":[{"start":{"line":79,"column":44},"end":{"line":79,"column":195}},{"start":{"line":79,"column":44},"end":{"line":79,"column":195}}],"line":79},"7":{"loc":{"start":{"line":81,"column":50},"end":{"line":81,"column":151}},"type":"if","locations":[{"start":{"line":81,"column":50},"end":{"line":81,"column":151}},{"start":{"line":81,"column":50},"end":{"line":81,"column":151}}],"line":81},"8":{"loc":{"start":{"line":83,"column":50},"end":{"line":83,"column":151}},"type":"if","locations":[{"start":{"line":83,"column":50},"end":{"line":83,"column":151}},{"start":{"line":83,"column":50},"end":{"line":83,"column":151}}],"line":83},"9":{"loc":{"start":{"line":83,"column":159},"end":{"line":83,"column":237}},"type":"cond-expr","locations":[{"start":{"line":83,"column":226},"end":{"line":83,"column":230}},{"start":{"line":83,"column":233},"end":{"line":83,"column":237}}],"line":83},"10":{"loc":{"start":{"line":83,"column":159},"end":{"line":83,"column":223}},"type":"binary-expr","locations":[{"start":{"line":83,"column":159},"end":{"line":83,"column":163}},{"start":{"line":83,"column":168},"end":{"line":83,"column":192}},{"start":{"line":83,"column":196},"end":{"line":83,"column":222}}],"line":83},"11":{"loc":{"start":{"line":85,"column":43},"end":{"line":85,"column":208}},"type":"if","locations":[{"start":{"line":85,"column":43},"end":{"line":85,"column":208}},{"start":{"line":85,"column":43},"end":{"line":85,"column":208}}],"line":85},"12":{"loc":{"start":{"line":85,"column":47},"end":{"line":85,"column":102}},"type":"binary-expr","locations":[{"start":{"line":85,"column":47},"end":{"line":85,"column":79}},{"start":{"line":85,"column":83},"end":{"line":85,"column":102}}],"line":85},"13":{"loc":{"start":{"line":85,"column":244},"end":{"line":85,"column":278}},"type":"binary-expr","locations":[{"start":{"line":85,"column":244},"end":{"line":85,"column":254}},{"start":{"line":85,"column":258},"end":{"line":85,"column":278}}],"line":85},"14":{"loc":{"start":{"line":85,"column":374},"end":{"line":85,"column":492}},"type":"if","locations":[{"start":{"line":85,"column":374},"end":{"line":85,"column":492}},{"start":{"line":85,"column":374},"end":{"line":85,"column":492}}],"line":85},"15":{"loc":{"start":{"line":85,"column":390},"end":{"line":85,"column":491}},"type":"cond-expr","locations":[{"start":{"line":85,"column":414},"end":{"line":85,"column":457}},{"start":{"line":85,"column":460},"end":{"line":85,"column":491}}],"line":85},"16":{"loc":{"start":{"line":138,"column":50},"end":{"line":138,"column":111}},"type":"binary-expr","locations":[{"start":{"line":138,"column":50},"end":{"line":138,"column":72}},{"start":{"line":138,"column":76},"end":{"line":138,"column":111}}],"line":138},"17":{"loc":{"start":{"line":249,"column":18},"end":{"line":389,"column":19}},"type":"cond-expr","locations":[{"start":{"line":249,"column":43},"end":{"line":359,"column":19}},{"start":{"line":359,"column":22},"end":{"line":389,"column":19}}],"line":249},"18":{"loc":{"start":{"line":287,"column":41},"end":{"line":287,"column":68}},"type":"cond-expr","locations":[{"start":{"line":287,"column":48},"end":{"line":287,"column":61}},{"start":{"line":287,"column":64},"end":{"line":287,"column":68}}],"line":287}},"s":{"0":1,"1":1,"2":1,"3":1,"4":1,"5":1,"6":1,"7":1,"8":1,"9":1,"10":1,"11":1,"12":1,"13":0,"14":1,"15":1,"16":1,"17":1,"18":1,"19":1,"20":1,"21":1,"22":1,"23":1,"24":1,"25":1,"26":1,"27":1,"28":1,"29":1,"30":1,"31":1,"32":1,"33":1,"34":1,"35":1,"36":1,"37":1,"38":1,"39":1,"40":1,"41":1,"42":1,"43":1,"44":1,"45":1,"46":1,"47":1,"48":1,"49":14,"50":0,"51":0,"52":0,"53":0,"54":0,"55":0,"56":0,"57":0,"58":0,"59":1,"60":0,"61":1,"62":1,"63":1,"64":1,"65":1,"66":1,"67":0,"68":1,"69":0,"70":1,"71":0,"72":1,"73":1,"74":1,"75":0,"76":0,"77":0,"78":0,"79":0,"80":0,"81":0,"82":0,"83":0,"84":0,"85":0,"86":0,"87":0,"88":1,"89":0,"90":0,"91":0,"92":0,"93":0,"94":0,"95":0,"96":1,"97":1,"98":1},"f":{"0":1,"1":1,"2":1,"3":14,"4":0,"5":0,"6":0,"7":1,"8":0,"9":0,"10":0,"11":1,"12":0,"13":0,"14":0,"15":0,"16":0,"17":0,"18":0,"19":0},"b":{"0":[1,1],"1":[1,0],"2":[1,0],"3":[0,1],"4":[11,3],"5":[14,14],"6":[0,0],"7":[0,0],"8":[0,0],"9":[0,0],"10":[0,0,0],"11":[0,1],"12":[1,0],"13":[1,1],"14":[1,0],"15":[1,0],"16":[0,0],"17":[0,0],"18":[0,0]},"_coverageSchema":"d34fc3e6b8297bcde183f5492bcb8fcb36775295","hash":"af69c9378b65bb3c7ab48ef60e438e0640998f31","contentHash":"18741972a2e5e53ee4b73616b1e89175_12.0.2"},"/Users/samuelkungu/Desktop/Work/bright-events-reactJs/src/App.js":{"path":"/Users/samuelkungu/Desktop/Work/bright-events-reactJs/src/App.js","statementMap":{"0":{"start":{"line":3,"column":0},"end":{"line":5,"column":3}},"1":{"start":{"line":6,"column":0},"end":{"line":6,"column":30}},"2":{"start":{"line":7,"column":19},"end":{"line":7,"column":85}},"3":{"start":{"line":9,"column":19},"end":{"line":9,"column":563}},"4":{"start":{"line":9,"column":76},"end":{"line":9,"column":347}},"5":{"start":{"line":9,"column":134},"end":{"line":9,"column":142}},"6":{"start":{"line":9,"column":144},"end":{"line":9,"column":199}},"7":{"start":{"line":9,"column":200},"end":{"line":9,"column":231}},"8":{"start":{"line":9,"column":232},"end":{"line":9,"column":286}},"9":{"start":{"line":9,"column":259},"end":{"line":9,"column":286}},"10":{"start":{"line":9,"column":287},"end":{"line":9,"column":345}},"11":{"start":{"line":9,"column":350},"end":{"line":9,"column":559}},"12":{"start":{"line":9,"column":407},"end":{"line":9,"column":475}},"13":{"start":{"line":9,"column":423},"end":{"line":9,"column":475}},"14":{"start":{"line":9,"column":476},"end":{"line":9,"column":536}},"15":{"start":{"line":9,"column":493},"end":{"line":9,"column":536}},"16":{"start":{"line":9,"column":537},"end":{"line":9,"column":556}},"17":{"start":{"line":11,"column":14},"end":{"line":11,"column":33}},"18":{"start":{"line":13,"column":15},"end":{"line":13,"column":46}},"19":{"start":{"line":15,"column":13},"end":{"line":15,"column":29}},"20":{"start":{"line":17,"column":14},"end":{"line":17,"column":44}},"21":{"start":{"line":19,"column":19},"end":{"line":19,"column":49}},"22":{"start":{"line":21,"column":20},"end":{"line":21,"column":56}},"23":{"start":{"line":23,"column":13},"end":{"line":23,"column":29}},"24":{"start":{"line":25,"column":14},"end":{"line":25,"column":44}},"25":{"start":{"line":27,"column":17},"end":{"line":27,"column":38}},"26":{"start":{"line":29,"column":18},"end":{"line":29,"column":52}},"27":{"start":{"line":31,"column":22},"end":{"line":31,"column":55}},"28":{"start":{"line":33,"column":39},"end":{"line":33,"column":93}},"29":{"start":{"line":35,"column":50},"end":{"line":35,"column":151}},"30":{"start":{"line":35,"column":92},"end":{"line":35,"column":149}},"31":{"start":{"line":37,"column":50},"end":{"line":37,"column":151}},"32":{"start":{"line":37,"column":63},"end":{"line":37,"column":149}},"33":{"start":{"line":37,"column":152},"end":{"line":37,"column":238}},"34":{"start":{"line":39,"column":43},"end":{"line":39,"column":208}},"35":{"start":{"line":39,"column":106},"end":{"line":39,"column":206}},"36":{"start":{"line":39,"column":209},"end":{"line":39,"column":373}},"37":{"start":{"line":39,"column":374},"end":{"line":39,"column":492}},"38":{"start":{"line":39,"column":390},"end":{"line":39,"column":492}},"39":{"start":{"line":42,"column":16},"end":{"line":42,"column":67}},"40":{"start":{"line":44,"column":11},"end":{"line":44,"column":38}},"41":{"start":{"line":46,"column":10},"end":{"line":159,"column":19}},"42":{"start":{"line":47,"column":2},"end":{"line":47,"column":29}},"43":{"start":{"line":50,"column":4},"end":{"line":50,"column":31}},"44":{"start":{"line":52,"column":16},"end":{"line":52,"column":113}},"45":{"start":{"line":54,"column":4},"end":{"line":72,"column":6}},"46":{"start":{"line":57,"column":6},"end":{"line":64,"column":7}},"47":{"start":{"line":58,"column":8},"end":{"line":58,"column":57}},"48":{"start":{"line":59,"column":8},"end":{"line":59,"column":61}},"49":{"start":{"line":61,"column":8},"end":{"line":61,"column":37}},"50":{"start":{"line":63,"column":8},"end":{"line":63,"column":40}},"51":{"start":{"line":67,"column":6},"end":{"line":71,"column":9}},"52":{"start":{"line":68,"column":8},"end":{"line":68,"column":40}},"53":{"start":{"line":70,"column":8},"end":{"line":70,"column":51}},"54":{"start":{"line":74,"column":4},"end":{"line":79,"column":6}},"55":{"start":{"line":76,"column":6},"end":{"line":76,"column":20}},"56":{"start":{"line":77,"column":6},"end":{"line":77,"column":42}},"57":{"start":{"line":78,"column":6},"end":{"line":78,"column":33}},"58":{"start":{"line":81,"column":4},"end":{"line":87,"column":6}},"59":{"start":{"line":82,"column":6},"end":{"line":86,"column":9}},"60":{"start":{"line":83,"column":8},"end":{"line":83,"column":51}},"61":{"start":{"line":85,"column":8},"end":{"line":85,"column":51}},"62":{"start":{"line":89,"column":4},"end":{"line":95,"column":6}},"63":{"start":{"line":90,"column":6},"end":{"line":94,"column":9}},"64":{"start":{"line":91,"column":8},"end":{"line":91,"column":49}},"65":{"start":{"line":93,"column":8},"end":{"line":93,"column":51}},"66":{"start":{"line":97,"column":4},"end":{"line":103,"column":6}},"67":{"start":{"line":105,"column":23},"end":{"line":105,"column":29}},"68":{"start":{"line":106,"column":4},"end":{"line":106,"column":17}},"69":{"start":{"line":119,"column":2},"end":{"line":156,"column":6}},"70":{"start":{"line":122,"column":6},"end":{"line":154,"column":8}},"71":{"start":{"line":158,"column":2},"end":{"line":158,"column":13}},"72":{"start":{"line":161,"column":0},"end":{"line":161,"column":22}}},"fnMap":{"0":{"name":"(anonymous_0)","decl":{"start":{"line":9,"column":19},"end":{"line":9,"column":20}},"loc":{"start":{"line":9,"column":31},"end":{"line":9,"column":561}},"line":9},"1":{"name":"defineProperties","decl":{"start":{"line":9,"column":42},"end":{"line":9,"column":58}},"loc":{"start":{"line":9,"column":74},"end":{"line":9,"column":349}},"line":9},"2":{"name":"(anonymous_2)","decl":{"start":{"line":9,"column":357},"end":{"line":9,"column":358}},"loc":{"start":{"line":9,"column":405},"end":{"line":9,"column":558}},"line":9},"3":{"name":"_interopRequireDefault","decl":{"start":{"line":33,"column":9},"end":{"line":33,"column":31}},"loc":{"start":{"line":33,"column":37},"end":{"line":33,"column":95}},"line":33},"4":{"name":"_classCallCheck","decl":{"start":{"line":35,"column":9},"end":{"line":35,"column":24}},"loc":{"start":{"line":35,"column":48},"end":{"line":35,"column":153}},"line":35},"5":{"name":"_possibleConstructorReturn","decl":{"start":{"line":37,"column":9},"end":{"line":37,"column":35}},"loc":{"start":{"line":37,"column":48},"end":{"line":37,"column":240}},"line":37},"6":{"name":"_inherits","decl":{"start":{"line":39,"column":9},"end":{"line":39,"column":18}},"loc":{"start":{"line":39,"column":41},"end":{"line":39,"column":494}},"line":39},"7":{"name":"(anonymous_7)","decl":{"start":{"line":46,"column":10},"end":{"line":46,"column":11}},"loc":{"start":{"line":46,"column":32},"end":{"line":159,"column":1}},"line":46},"8":{"name":"App","decl":{"start":{"line":49,"column":11},"end":{"line":49,"column":14}},"loc":{"start":{"line":49,"column":22},"end":{"line":107,"column":3}},"line":49},"9":{"name":"(anonymous_9)","decl":{"start":{"line":54,"column":30},"end":{"line":54,"column":31}},"loc":{"start":{"line":54,"column":42},"end":{"line":72,"column":5}},"line":54},"10":{"name":"(anonymous_10)","decl":{"start":{"line":67,"column":55},"end":{"line":67,"column":56}},"loc":{"start":{"line":67,"column":70},"end":{"line":69,"column":7}},"line":67},"11":{"name":"(anonymous_11)","decl":{"start":{"line":69,"column":15},"end":{"line":69,"column":16}},"loc":{"start":{"line":69,"column":32},"end":{"line":71,"column":7}},"line":69},"12":{"name":"(anonymous_12)","decl":{"start":{"line":74,"column":19},"end":{"line":74,"column":20}},"loc":{"start":{"line":74,"column":31},"end":{"line":79,"column":5}},"line":74},"13":{"name":"(anonymous_13)","decl":{"start":{"line":81,"column":33},"end":{"line":81,"column":34}},"loc":{"start":{"line":81,"column":45},"end":{"line":87,"column":5}},"line":81},"14":{"name":"(anonymous_14)","decl":{"start":{"line":82,"column":87},"end":{"line":82,"column":88}},"loc":{"start":{"line":82,"column":102},"end":{"line":84,"column":7}},"line":82},"15":{"name":"(anonymous_15)","decl":{"start":{"line":84,"column":15},"end":{"line":84,"column":16}},"loc":{"start":{"line":84,"column":32},"end":{"line":86,"column":7}},"line":84},"16":{"name":"(anonymous_16)","decl":{"start":{"line":89,"column":42},"end":{"line":89,"column":43}},"loc":{"start":{"line":89,"column":54},"end":{"line":95,"column":5}},"line":89},"17":{"name":"(anonymous_17)","decl":{"start":{"line":90,"column":87},"end":{"line":90,"column":88}},"loc":{"start":{"line":90,"column":102},"end":{"line":92,"column":7}},"line":90},"18":{"name":"(anonymous_18)","decl":{"start":{"line":92,"column":15},"end":{"line":92,"column":16}},"loc":{"start":{"line":92,"column":32},"end":{"line":94,"column":7}},"line":92},"19":{"name":"render","decl":{"start":{"line":121,"column":20},"end":{"line":121,"column":26}},"loc":{"start":{"line":121,"column":29},"end":{"line":155,"column":5}},"line":121}},"branchMap":{"0":{"loc":{"start":{"line":9,"column":168},"end":{"line":9,"column":198}},"type":"binary-expr","locations":[{"start":{"line":9,"column":168},"end":{"line":9,"column":189}},{"start":{"line":9,"column":193},"end":{"line":9,"column":198}}],"line":9},"1":{"loc":{"start":{"line":9,"column":232},"end":{"line":9,"column":286}},"type":"if","locations":[{"start":{"line":9,"column":232},"end":{"line":9,"column":286}},{"start":{"line":9,"column":232},"end":{"line":9,"column":286}}],"line":9},"2":{"loc":{"start":{"line":9,"column":407},"end":{"line":9,"column":475}},"type":"if","locations":[{"start":{"line":9,"column":407},"end":{"line":9,"column":475}},{"start":{"line":9,"column":407},"end":{"line":9,"column":475}}],"line":9},"3":{"loc":{"start":{"line":9,"column":476},"end":{"line":9,"column":536}},"type":"if","locations":[{"start":{"line":9,"column":476},"end":{"line":9,"column":536}},{"start":{"line":9,"column":476},"end":{"line":9,"column":536}}],"line":9},"4":{"loc":{"start":{"line":33,"column":46},"end":{"line":33,"column":92}},"type":"cond-expr","locations":[{"start":{"line":33,"column":70},"end":{"line":33,"column":73}},{"start":{"line":33,"column":76},"end":{"line":33,"column":92}}],"line":33},"5":{"loc":{"start":{"line":33,"column":46},"end":{"line":33,"column":67}},"type":"binary-expr","locations":[{"start":{"line":33,"column":46},"end":{"line":33,"column":49}},{"start":{"line":33,"column":53},"end":{"line":33,"column":67}}],"line":33},"6":{"loc":{"start":{"line":35,"column":50},"end":{"line":35,"column":151}},"type":"if","locations":[{"start":{"line":35,"column":50},"end":{"line":35,"column":151}},{"start":{"line":35,"column":50},"end":{"line":35,"column":151}}],"line":35},"7":{"loc":{"start":{"line":37,"column":50},"end":{"line":37,"column":151}},"type":"if","locations":[{"start":{"line":37,"column":50},"end":{"line":37,"column":151}},{"start":{"line":37,"column":50},"end":{"line":37,"column":151}}],"line":37},"8":{"loc":{"start":{"line":37,"column":159},"end":{"line":37,"column":237}},"type":"cond-expr","locations":[{"start":{"line":37,"column":226},"end":{"line":37,"column":230}},{"start":{"line":37,"column":233},"end":{"line":37,"column":237}}],"line":37},"9":{"loc":{"start":{"line":37,"column":159},"end":{"line":37,"column":223}},"type":"binary-expr","locations":[{"start":{"line":37,"column":159},"end":{"line":37,"column":163}},{"start":{"line":37,"column":168},"end":{"line":37,"column":192}},{"start":{"line":37,"column":196},"end":{"line":37,"column":222}}],"line":37},"10":{"loc":{"start":{"line":39,"column":43},"end":{"line":39,"column":208}},"type":"if","locations":[{"start":{"line":39,"column":43},"end":{"line":39,"column":208}},{"start":{"line":39,"column":43},"end":{"line":39,"column":208}}],"line":39},"11":{"loc":{"start":{"line":39,"column":47},"end":{"line":39,"column":102}},"type":"binary-expr","locations":[{"start":{"line":39,"column":47},"end":{"line":39,"column":79}},{"start":{"line":39,"column":83},"end":{"line":39,"column":102}}],"line":39},"12":{"loc":{"start":{"line":39,"column":244},"end":{"line":39,"column":278}},"type":"binary-expr","locations":[{"start":{"line":39,"column":244},"end":{"line":39,"column":254}},{"start":{"line":39,"column":258},"end":{"line":39,"column":278}}],"line":39},"13":{"loc":{"start":{"line":39,"column":374},"end":{"line":39,"column":492}},"type":"if","locations":[{"start":{"line":39,"column":374},"end":{"line":39,"column":492}},{"start":{"line":39,"column":374},"end":{"line":39,"column":492}}],"line":39},"14":{"loc":{"start":{"line":39,"column":390},"end":{"line":39,"column":491}},"type":"cond-expr","locations":[{"start":{"line":39,"column":414},"end":{"line":39,"column":457}},{"start":{"line":39,"column":460},"end":{"line":39,"column":491}}],"line":39},"15":{"loc":{"start":{"line":52,"column":50},"end":{"line":52,"column":93}},"type":"binary-expr","locations":[{"start":{"line":52,"column":50},"end":{"line":52,"column":63}},{"start":{"line":52,"column":67},"end":{"line":52,"column":93}}],"line":52},"16":{"loc":{"start":{"line":57,"column":6},"end":{"line":64,"column":7}},"type":"if","locations":[{"start":{"line":57,"column":6},"end":{"line":64,"column":7}},{"start":{"line":57,"column":6},"end":{"line":64,"column":7}}],"line":57}},"s":{"0":1,"1":1,"2":1,"3":1,"4":1,"5":1,"6":1,"7":1,"8":1,"9":1,"10":1,"11":1,"12":1,"13":1,"14":1,"15":0,"16":1,"17":1,"18":1,"19":1,"20":1,"21":1,"22":1,"23":1,"24":1,"25":1,"26":1,"27":1,"28":5,"29":0,"30":0,"31":0,"32":0,"33":0,"34":1,"35":0,"36":1,"37":1,"38":1,"39":1,"40":1,"41":1,"42":1,"43":0,"44":0,"45":0,"46":0,"47":0,"48":0,"49":0,"50":0,"51":0,"52":0,"53":0,"54":0,"55":0,"56":0,"57":0,"58":0,"59":0,"60":0,"61":0,"62":0,"63":0,"64":0,"65":0,"66":0,"67":0,"68":0,"69":1,"70":0,"71":1,"72":1},"f":{"0":1,"1":1,"2":1,"3":5,"4":0,"5":0,"6":1,"7":1,"8":0,"9":0,"10":0,"11":0,"12":0,"13":0,"14":0,"15":0,"16":0,"17":0,"18":0,"19":0},"b":{"0":[1,1],"1":[1,0],"2":[1,0],"3":[0,1],"4":[2,3],"5":[5,5],"6":[0,0],"7":[0,0],"8":[0,0],"9":[0,0,0],"10":[0,1],"11":[1,0],"12":[1,1],"13":[1,0],"14":[1,0],"15":[0,0],"16":[0,0]},"_coverageSchema":"d34fc3e6b8297bcde183f5492bcb8fcb36775295","hash":"7116135726028ffda641d49559a44b2c3572ee0c","contentHash":"1cb75c3f4cc0c65ab8fde4dab1c9d8c4_12.0.2"},"/Users/samuelkungu/Desktop/Work/bright-events-reactJs/src/Routes.js":{"path":"/Users/samuelkungu/Desktop/Work/bright-events-reactJs/src/Routes.js","statementMap":{"0":{"start":{"line":3,"column":0},"end":{"line":5,"column":3}},"1":{"start":{"line":6,"column":19},"end":{"line":6,"column":88}},"2":{"start":{"line":8,"column":19},"end":{"line":8,"column":563}},"3":{"start":{"line":8,"column":76},"end":{"line":8,"column":347}},"4":{"start":{"line":8,"column":134},"end":{"line":8,"column":142}},"5":{"start":{"line":8,"column":144},"end":{"line":8,"column":199}},"6":{"start":{"line":8,"column":200},"end":{"line":8,"column":231}},"7":{"start":{"line":8,"column":232},"end":{"line":8,"column":286}},"8":{"start":{"line":8,"column":259},"end":{"line":8,"column":286}},"9":{"start":{"line":8,"column":287},"end":{"line":8,"column":345}},"10":{"start":{"line":8,"column":350},"end":{"line":8,"column":559}},"11":{"start":{"line":8,"column":407},"end":{"line":8,"column":475}},"12":{"start":{"line":8,"column":423},"end":{"line":8,"column":475}},"13":{"start":{"line":8,"column":476},"end":{"line":8,"column":536}},"14":{"start":{"line":8,"column":493},"end":{"line":8,"column":536}},"15":{"start":{"line":8,"column":537},"end":{"line":8,"column":556}},"16":{"start":{"line":10,"column":13},"end":{"line":10,"column":29}},"17":{"start":{"line":12,"column":14},"end":{"line":12,"column":44}},"18":{"start":{"line":14,"column":22},"end":{"line":14,"column":49}},"19":{"start":{"line":16,"column":16},"end":{"line":16,"column":43}},"20":{"start":{"line":18,"column":17},"end":{"line":18,"column":50}},"21":{"start":{"line":20,"column":20},"end":{"line":20,"column":51}},"22":{"start":{"line":22,"column":21},"end":{"line":22,"column":58}},"23":{"start":{"line":24,"column":17},"end":{"line":24,"column":45}},"24":{"start":{"line":26,"column":18},"end":{"line":26,"column":52}},"25":{"start":{"line":28,"column":18},"end":{"line":28,"column":47}},"26":{"start":{"line":30,"column":19},"end":{"line":30,"column":54}},"27":{"start":{"line":32,"column":31},"end":{"line":32,"column":73}},"28":{"start":{"line":34,"column":32},"end":{"line":34,"column":80}},"29":{"start":{"line":36,"column":23},"end":{"line":36,"column":57}},"30":{"start":{"line":38,"column":24},"end":{"line":38,"column":64}},"31":{"start":{"line":40,"column":23},"end":{"line":40,"column":62}},"32":{"start":{"line":42,"column":24},"end":{"line":42,"column":64}},"33":{"start":{"line":44,"column":21},"end":{"line":44,"column":53}},"34":{"start":{"line":46,"column":22},"end":{"line":46,"column":60}},"35":{"start":{"line":48,"column":23},"end":{"line":48,"column":57}},"36":{"start":{"line":50,"column":24},"end":{"line":50,"column":64}},"37":{"start":{"line":52,"column":21},"end":{"line":52,"column":53}},"38":{"start":{"line":54,"column":22},"end":{"line":54,"column":60}},"39":{"start":{"line":56,"column":39},"end":{"line":56,"column":93}},"40":{"start":{"line":58,"column":50},"end":{"line":58,"column":151}},"41":{"start":{"line":58,"column":92},"end":{"line":58,"column":149}},"42":{"start":{"line":60,"column":50},"end":{"line":60,"column":151}},"43":{"start":{"line":60,"column":63},"end":{"line":60,"column":149}},"44":{"start":{"line":60,"column":152},"end":{"line":60,"column":238}},"45":{"start":{"line":62,"column":43},"end":{"line":62,"column":208}},"46":{"start":{"line":62,"column":106},"end":{"line":62,"column":206}},"47":{"start":{"line":62,"column":209},"end":{"line":62,"column":373}},"48":{"start":{"line":62,"column":374},"end":{"line":62,"column":492}},"49":{"start":{"line":62,"column":390},"end":{"line":62,"column":492}},"50":{"start":{"line":64,"column":13},"end":{"line":171,"column":19}},"51":{"start":{"line":65,"column":2},"end":{"line":65,"column":32}},"52":{"start":{"line":68,"column":4},"end":{"line":68,"column":34}},"53":{"start":{"line":70,"column":4},"end":{"line":70,"column":120}},"54":{"start":{"line":73,"column":2},"end":{"line":168,"column":6}},"55":{"start":{"line":76,"column":6},"end":{"line":166,"column":8}},"56":{"start":{"line":170,"column":2},"end":{"line":170,"column":16}},"57":{"start":{"line":173,"column":0},"end":{"line":173,"column":25}}},"fnMap":{"0":{"name":"(anonymous_0)","decl":{"start":{"line":8,"column":19},"end":{"line":8,"column":20}},"loc":{"start":{"line":8,"column":31},"end":{"line":8,"column":561}},"line":8},"1":{"name":"defineProperties","decl":{"start":{"line":8,"column":42},"end":{"line":8,"column":58}},"loc":{"start":{"line":8,"column":74},"end":{"line":8,"column":349}},"line":8},"2":{"name":"(anonymous_2)","decl":{"start":{"line":8,"column":357},"end":{"line":8,"column":358}},"loc":{"start":{"line":8,"column":405},"end":{"line":8,"column":558}},"line":8},"3":{"name":"_interopRequireDefault","decl":{"start":{"line":56,"column":9},"end":{"line":56,"column":31}},"loc":{"start":{"line":56,"column":37},"end":{"line":56,"column":95}},"line":56},"4":{"name":"_classCallCheck","decl":{"start":{"line":58,"column":9},"end":{"line":58,"column":24}},"loc":{"start":{"line":58,"column":48},"end":{"line":58,"column":153}},"line":58},"5":{"name":"_possibleConstructorReturn","decl":{"start":{"line":60,"column":9},"end":{"line":60,"column":35}},"loc":{"start":{"line":60,"column":48},"end":{"line":60,"column":240}},"line":60},"6":{"name":"_inherits","decl":{"start":{"line":62,"column":9},"end":{"line":62,"column":18}},"loc":{"start":{"line":62,"column":41},"end":{"line":62,"column":494}},"line":62},"7":{"name":"(anonymous_7)","decl":{"start":{"line":64,"column":13},"end":{"line":64,"column":14}},"loc":{"start":{"line":64,"column":35},"end":{"line":171,"column":1}},"line":64},"8":{"name":"Routes","decl":{"start":{"line":67,"column":11},"end":{"line":67,"column":17}},"loc":{"start":{"line":67,"column":20},"end":{"line":71,"column":3}},"line":67},"9":{"name":"render","decl":{"start":{"line":75,"column":20},"end":{"line":75,"column":26}},"loc":{"start":{"line":75,"column":29},"end":{"line":167,"column":5}},"line":75}},"branchMap":{"0":{"loc":{"start":{"line":8,"column":168},"end":{"line":8,"column":198}},"type":"binary-expr","locations":[{"start":{"line":8,"column":168},"end":{"line":8,"column":189}},{"start":{"line":8,"column":193},"end":{"line":8,"column":198}}],"line":8},"1":{"loc":{"start":{"line":8,"column":232},"end":{"line":8,"column":286}},"type":"if","locations":[{"start":{"line":8,"column":232},"end":{"line":8,"column":286}},{"start":{"line":8,"column":232},"end":{"line":8,"column":286}}],"line":8},"2":{"loc":{"start":{"line":8,"column":407},"end":{"line":8,"column":475}},"type":"if","locations":[{"start":{"line":8,"column":407},"end":{"line":8,"column":475}},{"start":{"line":8,"column":407},"end":{"line":8,"column":475}}],"line":8},"3":{"loc":{"start":{"line":8,"column":476},"end":{"line":8,"column":536}},"type":"if","locations":[{"start":{"line":8,"column":476},"end":{"line":8,"column":536}},{"start":{"line":8,"column":476},"end":{"line":8,"column":536}}],"line":8},"4":{"loc":{"start":{"line":56,"column":46},"end":{"line":56,"column":92}},"type":"cond-expr","locations":[{"start":{"line":56,"column":70},"end":{"line":56,"column":73}},{"start":{"line":56,"column":76},"end":{"line":56,"column":92}}],"line":56},"5":{"loc":{"start":{"line":56,"column":46},"end":{"line":56,"column":67}},"type":"binary-expr","locations":[{"start":{"line":56,"column":46},"end":{"line":56,"column":49}},{"start":{"line":56,"column":53},"end":{"line":56,"column":67}}],"line":56},"6":{"loc":{"start":{"line":58,"column":50},"end":{"line":58,"column":151}},"type":"if","locations":[{"start":{"line":58,"column":50},"end":{"line":58,"column":151}},{"start":{"line":58,"column":50},"end":{"line":58,"column":151}}],"line":58},"7":{"loc":{"start":{"line":60,"column":50},"end":{"line":60,"column":151}},"type":"if","locations":[{"start":{"line":60,"column":50},"end":{"line":60,"column":151}},{"start":{"line":60,"column":50},"end":{"line":60,"column":151}}],"line":60},"8":{"loc":{"start":{"line":60,"column":159},"end":{"line":60,"column":237}},"type":"cond-expr","locations":[{"start":{"line":60,"column":226},"end":{"line":60,"column":230}},{"start":{"line":60,"column":233},"end":{"line":60,"column":237}}],"line":60},"9":{"loc":{"start":{"line":60,"column":159},"end":{"line":60,"column":223}},"type":"binary-expr","locations":[{"start":{"line":60,"column":159},"end":{"line":60,"column":163}},{"start":{"line":60,"column":168},"end":{"line":60,"column":192}},{"start":{"line":60,"column":196},"end":{"line":60,"column":222}}],"line":60},"10":{"loc":{"start":{"line":62,"column":43},"end":{"line":62,"column":208}},"type":"if","locations":[{"start":{"line":62,"column":43},"end":{"line":62,"column":208}},{"start":{"line":62,"column":43},"end":{"line":62,"column":208}}],"line":62},"11":{"loc":{"start":{"line":62,"column":47},"end":{"line":62,"column":102}},"type":"binary-expr","locations":[{"start":{"line":62,"column":47},"end":{"line":62,"column":79}},{"start":{"line":62,"column":83},"end":{"line":62,"column":102}}],"line":62},"12":{"loc":{"start":{"line":62,"column":244},"end":{"line":62,"column":278}},"type":"binary-expr","locations":[{"start":{"line":62,"column":244},"end":{"line":62,"column":254}},{"start":{"line":62,"column":258},"end":{"line":62,"column":278}}],"line":62},"13":{"loc":{"start":{"line":62,"column":374},"end":{"line":62,"column":492}},"type":"if","locations":[{"start":{"line":62,"column":374},"end":{"line":62,"column":492}},{"start":{"line":62,"column":374},"end":{"line":62,"column":492}}],"line":62},"14":{"loc":{"start":{"line":62,"column":390},"end":{"line":62,"column":491}},"type":"cond-expr","locations":[{"start":{"line":62,"column":414},"end":{"line":62,"column":457}},{"start":{"line":62,"column":460},"end":{"line":62,"column":491}}],"line":62},"15":{"loc":{"start":{"line":70,"column":45},"end":{"line":70,"column":94}},"type":"binary-expr","locations":[{"start":{"line":70,"column":45},"end":{"line":70,"column":61}},{"start":{"line":70,"column":65},"end":{"line":70,"column":94}}],"line":70}},"s":{"0":1,"1":1,"2":1,"3":1,"4":1,"5":1,"6":1,"7":1,"8":1,"9":1,"10":1,"11":1,"12":1,"13":1,"14":0,"15":1,"16":1,"17":1,"18":1,"19":1,"20":1,"21":1,"22":1,"23":1,"24":1,"25":1,"26":1,"27":1,"28":1,"29":1,"30":1,"31":1,"32":1,"33":1,"34":1,"35":1,"36":1,"37":1,"38":1,"39":11,"40":0,"41":0,"42":0,"43":0,"44":0,"45":1,"46":0,"47":1,"48":1,"49":1,"50":1,"51":1,"52":0,"53":0,"54":1,"55":0,"56":1,"57":1},"f":{"0":1,"1":1,"2":1,"3":11,"4":0,"5":0,"6":1,"7":1,"8":0,"9":0},"b":{"0":[1,1],"1":[1,0],"2":[1,0],"3":[0,1],"4":[10,1],"5":[11,11],"6":[0,0],"7":[0,0],"8":[0,0],"9":[0,0,0],"10":[0,1],"11":[1,0],"12":[1,1],"13":[1,0],"14":[1,0],"15":[0,0]},"_coverageSchema":"d34fc3e6b8297bcde183f5492bcb8fcb36775295","hash":"76fcb9f711cb199d673fe8c71f92002452aa45a8","contentHash":"07ccf4f5dc5b5d5af2ec48debe2a0360_12.0.2"},"/Users/samuelkungu/Desktop/Work/bright-events-reactJs/src/pages/HomePage.js":{"path":"/Users/samuelkungu/Desktop/Work/bright-events-reactJs/src/pages/HomePage.js","statementMap":{"0":{"start":{"line":3,"column":0},"end":{"line":5,"column":3}},"1":{"start":{"line":6,"column":19},"end":{"line":6,"column":96}},"2":{"start":{"line":8,"column":13},"end":{"line":8,"column":29}},"3":{"start":{"line":10,"column":14},"end":{"line":10,"column":44}},"4":{"start":{"line":12,"column":23},"end":{"line":12,"column":63}},"5":{"start":{"line":14,"column":24},"end":{"line":14,"column":64}},"6":{"start":{"line":16,"column":23},"end":{"line":16,"column":63}},"7":{"start":{"line":18,"column":24},"end":{"line":18,"column":64}},"8":{"start":{"line":20,"column":21},"end":{"line":20,"column":47}},"9":{"start":{"line":22,"column":22},"end":{"line":22,"column":60}},"10":{"start":{"line":24,"column":17},"end":{"line":24,"column":38}},"11":{"start":{"line":26,"column":14},"end":{"line":26,"column":43}},"12":{"start":{"line":28,"column":18},"end":{"line":28,"column":40}},"13":{"start":{"line":30,"column":11},"end":{"line":30,"column":28}},"14":{"start":{"line":32,"column":14},"end":{"line":32,"column":49}},"15":{"start":{"line":34,"column":15},"end":{"line":34,"column":46}},"16":{"start":{"line":36,"column":11},"end":{"line":36,"column":44}},"17":{"start":{"line":38,"column":12},"end":{"line":38,"column":40}},"18":{"start":{"line":40,"column":15},"end":{"line":40,"column":51}},"19":{"start":{"line":42,"column":16},"end":{"line":42,"column":48}},"20":{"start":{"line":44,"column":22},"end":{"line":44,"column":49}},"21":{"start":{"line":46,"column":39},"end":{"line":46,"column":93}},"22":{"start":{"line":48,"column":13},"end":{"line":62,"column":1}},"23":{"start":{"line":49,"column":4},"end":{"line":61,"column":6}},"24":{"start":{"line":65,"column":16},"end":{"line":65,"column":20}},"25":{"start":{"line":67,"column":18},"end":{"line":67,"column":31}},"26":{"start":{"line":71,"column":26},"end":{"line":79,"column":5}},"27":{"start":{"line":72,"column":8},"end":{"line":78,"column":12}},"28":{"start":{"line":81,"column":4},"end":{"line":159,"column":6}},"29":{"start":{"line":100,"column":16},"end":{"line":156,"column":18}},"30":{"start":{"line":162,"column":0},"end":{"line":162,"column":56}}},"fnMap":{"0":{"name":"_interopRequireDefault","decl":{"start":{"line":46,"column":9},"end":{"line":46,"column":31}},"loc":{"start":{"line":46,"column":37},"end":{"line":46,"column":95}},"line":46},"1":{"name":"styles","decl":{"start":{"line":48,"column":22},"end":{"line":48,"column":28}},"loc":{"start":{"line":48,"column":36},"end":{"line":62,"column":1}},"line":48},"2":{"name":"Home","decl":{"start":{"line":64,"column":9},"end":{"line":64,"column":13}},"loc":{"start":{"line":64,"column":21},"end":{"line":160,"column":1}},"line":64},"3":{"name":"createEventLink","decl":{"start":{"line":71,"column":35},"end":{"line":71,"column":50}},"loc":{"start":{"line":71,"column":58},"end":{"line":79,"column":5}},"line":71},"4":{"name":"(anonymous_4)","decl":{"start":{"line":99,"column":12},"end":{"line":99,"column":13}},"loc":{"start":{"line":99,"column":31},"end":{"line":157,"column":13}},"line":99}},"branchMap":{"0":{"loc":{"start":{"line":46,"column":46},"end":{"line":46,"column":92}},"type":"cond-expr","locations":[{"start":{"line":46,"column":70},"end":{"line":46,"column":73}},{"start":{"line":46,"column":76},"end":{"line":46,"column":92}}],"line":46},"1":{"loc":{"start":{"line":46,"column":46},"end":{"line":46,"column":67}},"type":"binary-expr","locations":[{"start":{"line":46,"column":46},"end":{"line":46,"column":49}},{"start":{"line":46,"column":53},"end":{"line":46,"column":67}}],"line":46}},"s":{"0":1,"1":1,"2":1,"3":1,"4":1,"5":1,"6":1,"7":1,"8":1,"9":1,"10":1,"11":1,"12":1,"13":1,"14":1,"15":1,"16":1,"17":1,"18":1,"19":1,"20":1,"21":7,"22":1,"23":0,"24":0,"25":0,"26":0,"27":0,"28":0,"29":0,"30":1},"f":{"0":7,"1":0,"2":0,"3":0,"4":0},"b":{"0":[6,1],"1":[7,7]},"_coverageSchema":"d34fc3e6b8297bcde183f5492bcb8fcb36775295","hash":"1e9887cf6547088d7994120d80e8787776ce88e4","contentHash":"1b0301c96ec0ab9b80c8cac81767680d_12.0.2"},"/Users/samuelkungu/Desktop/Work/bright-events-reactJs/src/pages/AllEventsPage.js":{"path":"/Users/samuelkungu/Desktop/Work/bright-events-reactJs/src/pages/AllEventsPage.js","statementMap":{"0":{"start":{"line":3,"column":0},"end":{"line":5,"column":3}},"1":{"start":{"line":6,"column":19},"end":{"line":6,"column":101}},"2":{"start":{"line":8,"column":19},"end":{"line":8,"column":563}},"3":{"start":{"line":8,"column":76},"end":{"line":8,"column":347}},"4":{"start":{"line":8,"column":134},"end":{"line":8,"column":142}},"5":{"start":{"line":8,"column":144},"end":{"line":8,"column":199}},"6":{"start":{"line":8,"column":200},"end":{"line":8,"column":231}},"7":{"start":{"line":8,"column":232},"end":{"line":8,"column":286}},"8":{"start":{"line":8,"column":259},"end":{"line":8,"column":286}},"9":{"start":{"line":8,"column":287},"end":{"line":8,"column":345}},"10":{"start":{"line":8,"column":350},"end":{"line":8,"column":559}},"11":{"start":{"line":8,"column":407},"end":{"line":8,"column":475}},"12":{"start":{"line":8,"column":423},"end":{"line":8,"column":475}},"13":{"start":{"line":8,"column":476},"end":{"line":8,"column":536}},"14":{"start":{"line":8,"column":493},"end":{"line":8,"column":536}},"15":{"start":{"line":8,"column":537},"end":{"line":8,"column":556}},"16":{"start":{"line":10,"column":13},"end":{"line":10,"column":29}},"17":{"start":{"line":12,"column":14},"end":{"line":12,"column":44}},"18":{"start":{"line":14,"column":17},"end":{"line":14,"column":38}},"19":{"start":{"line":16,"column":18},"end":{"line":16,"column":52}},"20":{"start":{"line":18,"column":14},"end":{"line":18,"column":43}},"21":{"start":{"line":20,"column":16},"end":{"line":20,"column":47}},"22":{"start":{"line":22,"column":17},"end":{"line":22,"column":50}},"23":{"start":{"line":24,"column":18},"end":{"line":24,"column":51}},"24":{"start":{"line":26,"column":19},"end":{"line":26,"column":54}},"25":{"start":{"line":28,"column":12},"end":{"line":28,"column":46}},"26":{"start":{"line":30,"column":13},"end":{"line":30,"column":42}},"27":{"start":{"line":32,"column":11},"end":{"line":32,"column":28}},"28":{"start":{"line":34,"column":22},"end":{"line":34,"column":49}},"29":{"start":{"line":36,"column":15},"end":{"line":36,"column":51}},"30":{"start":{"line":38,"column":16},"end":{"line":38,"column":48}},"31":{"start":{"line":40,"column":27},"end":{"line":40,"column":60}},"32":{"start":{"line":42,"column":28},"end":{"line":42,"column":72}},"33":{"start":{"line":44,"column":13},"end":{"line":44,"column":29}},"34":{"start":{"line":46,"column":14},"end":{"line":46,"column":44}},"35":{"start":{"line":48,"column":22},"end":{"line":48,"column":56}},"36":{"start":{"line":50,"column":19},"end":{"line":50,"column":50}},"37":{"start":{"line":52,"column":20},"end":{"line":52,"column":56}},"38":{"start":{"line":54,"column":39},"end":{"line":54,"column":93}},"39":{"start":{"line":56,"column":50},"end":{"line":56,"column":151}},"40":{"start":{"line":56,"column":92},"end":{"line":56,"column":149}},"41":{"start":{"line":58,"column":50},"end":{"line":58,"column":151}},"42":{"start":{"line":58,"column":63},"end":{"line":58,"column":149}},"43":{"start":{"line":58,"column":152},"end":{"line":58,"column":238}},"44":{"start":{"line":60,"column":43},"end":{"line":60,"column":208}},"45":{"start":{"line":60,"column":106},"end":{"line":60,"column":206}},"46":{"start":{"line":60,"column":209},"end":{"line":60,"column":373}},"47":{"start":{"line":60,"column":374},"end":{"line":60,"column":492}},"48":{"start":{"line":60,"column":390},"end":{"line":60,"column":492}},"49":{"start":{"line":62,"column":13},"end":{"line":86,"column":1}},"50":{"start":{"line":63,"column":2},"end":{"line":85,"column":4}},"51":{"start":{"line":88,"column":16},"end":{"line":282,"column":19}},"52":{"start":{"line":89,"column":2},"end":{"line":89,"column":35}},"53":{"start":{"line":92,"column":4},"end":{"line":92,"column":37}},"54":{"start":{"line":94,"column":16},"end":{"line":94,"column":125}},"55":{"start":{"line":96,"column":4},"end":{"line":104,"column":6}},"56":{"start":{"line":98,"column":6},"end":{"line":103,"column":9}},"57":{"start":{"line":99,"column":8},"end":{"line":99,"column":44}},"58":{"start":{"line":100,"column":8},"end":{"line":100,"column":40}},"59":{"start":{"line":102,"column":8},"end":{"line":102,"column":51}},"60":{"start":{"line":106,"column":4},"end":{"line":115,"column":6}},"61":{"start":{"line":107,"column":6},"end":{"line":114,"column":9}},"62":{"start":{"line":108,"column":8},"end":{"line":110,"column":11}},"63":{"start":{"line":111,"column":8},"end":{"line":111,"column":62}},"64":{"start":{"line":113,"column":8},"end":{"line":113,"column":27}},"65":{"start":{"line":117,"column":4},"end":{"line":120,"column":6}},"66":{"start":{"line":122,"column":4},"end":{"line":122,"column":45}},"67":{"start":{"line":123,"column":4},"end":{"line":123,"column":17}},"68":{"start":{"line":126,"column":2},"end":{"line":279,"column":6}},"69":{"start":{"line":129,"column":19},"end":{"line":129,"column":23}},"70":{"start":{"line":131,"column":19},"end":{"line":131,"column":29}},"71":{"start":{"line":132,"column":20},"end":{"line":132,"column":34}},"72":{"start":{"line":133,"column":19},"end":{"line":133,"column":32}},"73":{"start":{"line":135,"column":6},"end":{"line":277,"column":8}},"74":{"start":{"line":154,"column":12},"end":{"line":274,"column":14}},"75":{"start":{"line":173,"column":20},"end":{"line":173,"column":71}},"76":{"start":{"line":203,"column":18},"end":{"line":271,"column":20}},"77":{"start":{"line":281,"column":2},"end":{"line":281,"column":19}},"78":{"start":{"line":284,"column":0},"end":{"line":286,"column":2}},"79":{"start":{"line":288,"column":0},"end":{"line":288,"column":61}}},"fnMap":{"0":{"name":"(anonymous_0)","decl":{"start":{"line":8,"column":19},"end":{"line":8,"column":20}},"loc":{"start":{"line":8,"column":31},"end":{"line":8,"column":561}},"line":8},"1":{"name":"defineProperties","decl":{"start":{"line":8,"column":42},"end":{"line":8,"column":58}},"loc":{"start":{"line":8,"column":74},"end":{"line":8,"column":349}},"line":8},"2":{"name":"(anonymous_2)","decl":{"start":{"line":8,"column":357},"end":{"line":8,"column":358}},"loc":{"start":{"line":8,"column":405},"end":{"line":8,"column":558}},"line":8},"3":{"name":"_interopRequireDefault","decl":{"start":{"line":54,"column":9},"end":{"line":54,"column":31}},"loc":{"start":{"line":54,"column":37},"end":{"line":54,"column":95}},"line":54},"4":{"name":"_classCallCheck","decl":{"start":{"line":56,"column":9},"end":{"line":56,"column":24}},"loc":{"start":{"line":56,"column":48},"end":{"line":56,"column":153}},"line":56},"5":{"name":"_possibleConstructorReturn","decl":{"start":{"line":58,"column":9},"end":{"line":58,"column":35}},"loc":{"start":{"line":58,"column":48},"end":{"line":58,"column":240}},"line":58},"6":{"name":"_inherits","decl":{"start":{"line":60,"column":9},"end":{"line":60,"column":18}},"loc":{"start":{"line":60,"column":41},"end":{"line":60,"column":494}},"line":60},"7":{"name":"styles","decl":{"start":{"line":62,"column":22},"end":{"line":62,"column":28}},"loc":{"start":{"line":62,"column":36},"end":{"line":86,"column":1}},"line":62},"8":{"name":"(anonymous_8)","decl":{"start":{"line":88,"column":16},"end":{"line":88,"column":17}},"loc":{"start":{"line":88,"column":38},"end":{"line":282,"column":1}},"line":88},"9":{"name":"AllEvents","decl":{"start":{"line":91,"column":11},"end":{"line":91,"column":20}},"loc":{"start":{"line":91,"column":28},"end":{"line":124,"column":3}},"line":91},"10":{"name":"(anonymous_10)","decl":{"start":{"line":96,"column":30},"end":{"line":96,"column":31}},"loc":{"start":{"line":96,"column":42},"end":{"line":104,"column":5}},"line":96},"11":{"name":"(anonymous_11)","decl":{"start":{"line":98,"column":61},"end":{"line":98,"column":62}},"loc":{"start":{"line":98,"column":76},"end":{"line":101,"column":7}},"line":98},"12":{"name":"(anonymous_12)","decl":{"start":{"line":101,"column":15},"end":{"line":101,"column":16}},"loc":{"start":{"line":101,"column":32},"end":{"line":103,"column":7}},"line":101},"13":{"name":"(anonymous_13)","decl":{"start":{"line":106,"column":25},"end":{"line":106,"column":26}},"loc":{"start":{"line":106,"column":37},"end":{"line":115,"column":5}},"line":106},"14":{"name":"(anonymous_14)","decl":{"start":{"line":107,"column":104},"end":{"line":107,"column":105}},"loc":{"start":{"line":107,"column":119},"end":{"line":112,"column":7}},"line":107},"15":{"name":"(anonymous_15)","decl":{"start":{"line":112,"column":15},"end":{"line":112,"column":16}},"loc":{"start":{"line":112,"column":32},"end":{"line":114,"column":7}},"line":112},"16":{"name":"render","decl":{"start":{"line":128,"column":20},"end":{"line":128,"column":26}},"loc":{"start":{"line":128,"column":29},"end":{"line":278,"column":5}},"line":128},"17":{"name":"(anonymous_17)","decl":{"start":{"line":153,"column":10},"end":{"line":153,"column":11}},"loc":{"start":{"line":153,"column":29},"end":{"line":275,"column":11}},"line":153},"18":{"name":"onChange","decl":{"start":{"line":172,"column":37},"end":{"line":172,"column":45}},"loc":{"start":{"line":172,"column":58},"end":{"line":174,"column":19}},"line":172},"19":{"name":"(anonymous_19)","decl":{"start":{"line":202,"column":40},"end":{"line":202,"column":41}},"loc":{"start":{"line":202,"column":57},"end":{"line":272,"column":17}},"line":202}},"branchMap":{"0":{"loc":{"start":{"line":8,"column":168},"end":{"line":8,"column":198}},"type":"binary-expr","locations":[{"start":{"line":8,"column":168},"end":{"line":8,"column":189}},{"start":{"line":8,"column":193},"end":{"line":8,"column":198}}],"line":8},"1":{"loc":{"start":{"line":8,"column":232},"end":{"line":8,"column":286}},"type":"if","locations":[{"start":{"line":8,"column":232},"end":{"line":8,"column":286}},{"start":{"line":8,"column":232},"end":{"line":8,"column":286}}],"line":8},"2":{"loc":{"start":{"line":8,"column":407},"end":{"line":8,"column":475}},"type":"if","locations":[{"start":{"line":8,"column":407},"end":{"line":8,"column":475}},{"start":{"line":8,"column":407},"end":{"line":8,"column":475}}],"line":8},"3":{"loc":{"start":{"line":8,"column":476},"end":{"line":8,"column":536}},"type":"if","locations":[{"start":{"line":8,"column":476},"end":{"line":8,"column":536}},{"start":{"line":8,"column":476},"end":{"line":8,"column":536}}],"line":8},"4":{"loc":{"start":{"line":54,"column":46},"end":{"line":54,"column":92}},"type":"cond-expr","locations":[{"start":{"line":54,"column":70},"end":{"line":54,"column":73}},{"start":{"line":54,"column":76},"end":{"line":54,"column":92}}],"line":54},"5":{"loc":{"start":{"line":54,"column":46},"end":{"line":54,"column":67}},"type":"binary-expr","locations":[{"start":{"line":54,"column":46},"end":{"line":54,"column":49}},{"start":{"line":54,"column":53},"end":{"line":54,"column":67}}],"line":54},"6":{"loc":{"start":{"line":56,"column":50},"end":{"line":56,"column":151}},"type":"if","locations":[{"start":{"line":56,"column":50},"end":{"line":56,"column":151}},{"start":{"line":56,"column":50},"end":{"line":56,"column":151}}],"line":56},"7":{"loc":{"start":{"line":58,"column":50},"end":{"line":58,"column":151}},"type":"if","locations":[{"start":{"line":58,"column":50},"end":{"line":58,"column":151}},{"start":{"line":58,"column":50},"end":{"line":58,"column":151}}],"line":58},"8":{"loc":{"start":{"line":58,"column":159},"end":{"line":58,"column":237}},"type":"cond-expr","locations":[{"start":{"line":58,"column":226},"end":{"line":58,"column":230}},{"start":{"line":58,"column":233},"end":{"line":58,"column":237}}],"line":58},"9":{"loc":{"start":{"line":58,"column":159},"end":{"line":58,"column":223}},"type":"binary-expr","locations":[{"start":{"line":58,"column":159},"end":{"line":58,"column":163}},{"start":{"line":58,"column":168},"end":{"line":58,"column":192}},{"start":{"line":58,"column":196},"end":{"line":58,"column":222}}],"line":58},"10":{"loc":{"start":{"line":60,"column":43},"end":{"line":60,"column":208}},"type":"if","locations":[{"start":{"line":60,"column":43},"end":{"line":60,"column":208}},{"start":{"line":60,"column":43},"end":{"line":60,"column":208}}],"line":60},"11":{"loc":{"start":{"line":60,"column":47},"end":{"line":60,"column":102}},"type":"binary-expr","locations":[{"start":{"line":60,"column":47},"end":{"line":60,"column":79}},{"start":{"line":60,"column":83},"end":{"line":60,"column":102}}],"line":60},"12":{"loc":{"start":{"line":60,"column":244},"end":{"line":60,"column":278}},"type":"binary-expr","locations":[{"start":{"line":60,"column":244},"end":{"line":60,"column":254}},{"start":{"line":60,"column":258},"end":{"line":60,"column":278}}],"line":60},"13":{"loc":{"start":{"line":60,"column":374},"end":{"line":60,"column":492}},"type":"if","locations":[{"start":{"line":60,"column":374},"end":{"line":60,"column":492}},{"start":{"line":60,"column":374},"end":{"line":60,"column":492}}],"line":60},"14":{"loc":{"start":{"line":60,"column":390},"end":{"line":60,"column":491}},"type":"cond-expr","locations":[{"start":{"line":60,"column":414},"end":{"line":60,"column":457}},{"start":{"line":60,"column":460},"end":{"line":60,"column":491}}],"line":60},"15":{"loc":{"start":{"line":94,"column":50},"end":{"line":94,"column":105}},"type":"binary-expr","locations":[{"start":{"line":94,"column":50},"end":{"line":94,"column":69}},{"start":{"line":94,"column":73},"end":{"line":94,"column":105}}],"line":94}},"s":{"0":1,"1":1,"2":1,"3":1,"4":1,"5":1,"6":1,"7":1,"8":1,"9":1,"10":1,"11":1,"12":1,"13":1,"14":0,"15":1,"16":1,"17":1,"18":1,"19":1,"20":1,"21":1,"22":1,"23":1,"24":1,"25":1,"26":1,"27":1,"28":1,"29":1,"30":1,"31":1,"32":1,"33":1,"34":1,"35":1,"36":1,"37":1,"38":9,"39":0,"40":0,"41":0,"42":0,"43":0,"44":1,"45":0,"46":1,"47":1,"48":1,"49":1,"50":0,"51":1,"52":1,"53":0,"54":0,"55":0,"56":0,"57":0,"58":0,"59":0,"60":0,"61":0,"62":0,"63":0,"64":0,"65":0,"66":0,"67":0,"68":1,"69":0,"70":0,"71":0,"72":0,"73":0,"74":0,"75":0,"76":0,"77":1,"78":1,"79":1},"f":{"0":1,"1":1,"2":1,"3":9,"4":0,"5":0,"6":1,"7":0,"8":1,"9":0,"10":0,"11":0,"12":0,"13":0,"14":0,"15":0,"16":0,"17":0,"18":0,"19":0},"b":{"0":[1,1],"1":[1,0],"2":[1,0],"3":[0,1],"4":[6,3],"5":[9,9],"6":[0,0],"7":[0,0],"8":[0,0],"9":[0,0,0],"10":[0,1],"11":[1,0],"12":[1,1],"13":[1,0],"14":[1,0],"15":[0,0]},"_coverageSchema":"d34fc3e6b8297bcde183f5492bcb8fcb36775295","hash":"c17d4d091637002a21f14ca182a1d24b763f2ff0","contentHash":"13623a30fdead20396d43761b8970669_12.0.2"},"/Users/samuelkungu/Desktop/Work/bright-events-reactJs/src/utils/ConstVariables.js":{"path":"/Users/samuelkungu/Desktop/Work/bright-events-reactJs/src/utils/ConstVariables.js","statementMap":{"0":{"start":{"line":3,"column":0},"end":{"line":5,"column":3}},"1":{"start":{"line":6,"column":22},"end":{"line":6,"column":100}},"2":{"start":{"line":7,"column":20},"end":{"line":7,"column":94}},"3":{"start":{"line":8,"column":26},"end":{"line":8,"column":66}}},"fnMap":{},"branchMap":{},"s":{"0":1,"1":1,"2":1,"3":1},"f":{},"b":{},"_coverageSchema":"d34fc3e6b8297bcde183f5492bcb8fcb36775295","hash":"8bb57c25725cb0c6c2b30b898c072fa89c2eb86b","contentHash":"cea55a67f6fc0a8faf89736677220f0c_12.0.2"},"/Users/samuelkungu/Desktop/Work/bright-events-reactJs/src/utils/AuthService.js":{"path":"/Users/samuelkungu/Desktop/Work/bright-events-reactJs/src/utils/AuthService.js","statementMap":{"0":{"start":{"line":3,"column":0},"end":{"line":5,"column":3}},"1":{"start":{"line":7,"column":17},"end":{"line":7,"column":38}},"2":{"start":{"line":9,"column":18},"end":{"line":9,"column":52}},"3":{"start":{"line":11,"column":13},"end":{"line":11,"column":29}},"4":{"start":{"line":13,"column":14},"end":{"line":13,"column":44}},"5":{"start":{"line":15,"column":39},"end":{"line":15,"column":93}},"6":{"start":{"line":17,"column":50},"end":{"line":17,"column":151}},"7":{"start":{"line":17,"column":92},"end":{"line":17,"column":149}},"8":{"start":{"line":21,"column":0},"end":{"line":136,"column":1}},"9":{"start":{"line":22,"column":14},"end":{"line":22,"column":18}},"10":{"start":{"line":24,"column":2},"end":{"line":24,"column":37}},"11":{"start":{"line":26,"column":2},"end":{"line":50,"column":4}},"12":{"start":{"line":28,"column":4},"end":{"line":28,"column":51}},"13":{"start":{"line":29,"column":25},"end":{"line":29,"column":51}},"14":{"start":{"line":30,"column":21},"end":{"line":30,"column":72}},"15":{"start":{"line":32,"column":28},"end":{"line":32,"column":84}},"16":{"start":{"line":34,"column":4},"end":{"line":49,"column":7}},"17":{"start":{"line":42,"column":6},"end":{"line":42,"column":55}},"18":{"start":{"line":44,"column":6},"end":{"line":44,"column":39}},"19":{"start":{"line":46,"column":6},"end":{"line":46,"column":66}},"20":{"start":{"line":48,"column":6},"end":{"line":48,"column":39}},"21":{"start":{"line":52,"column":2},"end":{"line":56,"column":4}},"22":{"start":{"line":54,"column":16},"end":{"line":54,"column":32}},"23":{"start":{"line":55,"column":4},"end":{"line":55,"column":51}},"24":{"start":{"line":58,"column":2},"end":{"line":67,"column":4}},"25":{"start":{"line":59,"column":4},"end":{"line":66,"column":5}},"26":{"start":{"line":60,"column":20},"end":{"line":60,"column":51}},"27":{"start":{"line":61,"column":6},"end":{"line":63,"column":26}},"28":{"start":{"line":62,"column":8},"end":{"line":62,"column":20}},"29":{"start":{"line":63,"column":13},"end":{"line":63,"column":26}},"30":{"start":{"line":65,"column":6},"end":{"line":65,"column":19}},"31":{"start":{"line":69,"column":2},"end":{"line":72,"column":4}},"32":{"start":{"line":71,"column":4},"end":{"line":71,"column":44}},"33":{"start":{"line":74,"column":2},"end":{"line":77,"column":4}},"34":{"start":{"line":76,"column":4},"end":{"line":76,"column":40}},"35":{"start":{"line":79,"column":2},"end":{"line":85,"column":4}},"36":{"start":{"line":81,"column":4},"end":{"line":83,"column":5}},"37":{"start":{"line":82,"column":6},"end":{"line":82,"column":56}},"38":{"start":{"line":84,"column":4},"end":{"line":84,"column":16}},"39":{"start":{"line":87,"column":2},"end":{"line":102,"column":4}},"40":{"start":{"line":89,"column":18},"end":{"line":93,"column":5}},"41":{"start":{"line":93,"column":6},"end":{"line":95,"column":5}},"42":{"start":{"line":94,"column":6},"end":{"line":94,"column":51}},"43":{"start":{"line":97,"column":4},"end":{"line":101,"column":7}},"44":{"start":{"line":100,"column":6},"end":{"line":100,"column":29}},"45":{"start":{"line":104,"column":2},"end":{"line":121,"column":4}},"46":{"start":{"line":106,"column":18},"end":{"line":110,"column":5}},"47":{"start":{"line":110,"column":6},"end":{"line":112,"column":5}},"48":{"start":{"line":111,"column":6},"end":{"line":111,"column":51}},"49":{"start":{"line":115,"column":4},"end":{"line":120,"column":7}},"50":{"start":{"line":119,"column":6},"end":{"line":119,"column":29}},"51":{"start":{"line":123,"column":2},"end":{"line":133,"column":4}},"52":{"start":{"line":125,"column":4},"end":{"line":132,"column":5}},"53":{"start":{"line":127,"column":6},"end":{"line":127,"column":22}},"54":{"start":{"line":129,"column":18},"end":{"line":129,"column":37}},"55":{"start":{"line":130,"column":6},"end":{"line":130,"column":32}},"56":{"start":{"line":131,"column":6},"end":{"line":131,"column":18}},"57":{"start":{"line":135,"column":2},"end":{"line":135,"column":78}},"58":{"start":{"line":138,"column":0},"end":{"line":138,"column":30}}},"fnMap":{"0":{"name":"_interopRequireDefault","decl":{"start":{"line":15,"column":9},"end":{"line":15,"column":31}},"loc":{"start":{"line":15,"column":37},"end":{"line":15,"column":95}},"line":15},"1":{"name":"_classCallCheck","decl":{"start":{"line":17,"column":9},"end":{"line":17,"column":24}},"loc":{"start":{"line":17,"column":48},"end":{"line":17,"column":153}},"line":17},"2":{"name":"AuthService","decl":{"start":{"line":21,"column":9},"end":{"line":21,"column":20}},"loc":{"start":{"line":21,"column":29},"end":{"line":136,"column":1}},"line":21},"3":{"name":"(anonymous_3)","decl":{"start":{"line":26,"column":15},"end":{"line":26,"column":16}},"loc":{"start":{"line":26,"column":45},"end":{"line":50,"column":3}},"line":26},"4":{"name":"(anonymous_4)","decl":{"start":{"line":40,"column":12},"end":{"line":40,"column":13}},"loc":{"start":{"line":40,"column":32},"end":{"line":45,"column":5}},"line":40},"5":{"name":"(anonymous_5)","decl":{"start":{"line":45,"column":13},"end":{"line":45,"column":14}},"loc":{"start":{"line":45,"column":30},"end":{"line":49,"column":5}},"line":45},"6":{"name":"(anonymous_6)","decl":{"start":{"line":52,"column":18},"end":{"line":52,"column":19}},"loc":{"start":{"line":52,"column":30},"end":{"line":56,"column":3}},"line":52},"7":{"name":"(anonymous_7)","decl":{"start":{"line":58,"column":24},"end":{"line":58,"column":25}},"loc":{"start":{"line":58,"column":41},"end":{"line":67,"column":3}},"line":58},"8":{"name":"(anonymous_8)","decl":{"start":{"line":69,"column":18},"end":{"line":69,"column":19}},"loc":{"start":{"line":69,"column":30},"end":{"lin
[...]
"column":49}},{"start":{"line":52,"column":53},"end":{"line":52,"column":67}}],"line":52},"2":{"loc":{"start":{"line":54,"column":44},"end":{"line":54,"column":195}},"type":"if","locations":[{"start":{"line":54,"column":44},"end":{"line":54,"column":195}},{"start":{"line":54,"column":44},"end":{"line":54,"column":195}}],"line":54},"3":{"loc":{"start":{"line":224,"column":34},"end":{"line":224,"column":69}},"type":"cond-expr","locations":[{"start":{"line":224,"column":55},"end":{"line":224,"column":64}},{"start":{"line":224,"column":67},"end":{"line":224,"column":69}}],"line":224},"4":{"loc":{"start":{"line":281,"column":34},"end":{"line":281,"column":73}},"type":"cond-expr","locations":[{"start":{"line":281,"column":55},"end":{"line":281,"column":68}},{"start":{"line":281,"column":71},"end":{"line":281,"column":73}}],"line":281},"5":{"loc":{"start":{"line":338,"column":34},"end":{"line":338,"column":73}},"type":"cond-expr","locations":[{"start":{"line":338,"column":55},"end":{"line":338,"column":68}},{"start":{"line":338,"column":71},"end":{"line":338,"column":73}}],"line":338},"6":{"loc":{"start":{"line":396,"column":34},"end":{"line":396,"column":69}},"type":"cond-expr","locations":[{"start":{"line":396,"column":55},"end":{"line":396,"column":64}},{"start":{"line":396,"column":67},"end":{"line":396,"column":69}}],"line":396},"7":{"loc":{"start":{"line":451,"column":34},"end":{"line":451,"column":85}},"type":"cond-expr","locations":[{"start":{"line":451,"column":55},"end":{"line":451,"column":64}},{"start":{"line":451,"column":67},"end":{"line":451,"column":85}}],"line":451},"8":{"loc":{"start":{"line":455,"column":75},"end":{"line":455,"column":126}},"type":"cond-expr","locations":[{"start":{"line":455,"column":96},"end":{"line":455,"column":105}},{"start":{"line":455,"column":108},"end":{"line":455,"column":126}}],"line":455},"9":{"loc":{"start":{"line":508,"column":34},"end":{"line":508,"column":76}},"type":"cond-expr","locations":[{"start":{"line":508,"column":55},"end":{"line":508,"column":71}},{"start":{"line":508,"column":74},"end":{"line":508,"column":76}}],"line":508},"10":{"loc":{"start":{"line":534,"column":28},"end":{"line":534,"column":62}},"type":"cond-expr","locations":[{"start":{"line":534,"column":50},"end":{"line":534,"column":54}},{"start":{"line":534,"column":57},"end":{"line":534,"column":62}}],"line":534},"11":{"loc":{"start":{"line":541,"column":16},"end":{"line":541,"column":59}},"type":"cond-expr","locations":[{"start":{"line":541,"column":38},"end":{"line":541,"column":50}},{"start":{"line":541,"column":53},"end":{"line":541,"column":59}}],"line":541}},"s":{"0":1,"1":1,"2":1,"3":1,"4":1,"5":1,"6":1,"7":1,"8":1,"9":1,"10":1,"11":1,"12":1,"13":1,"14":1,"15":1,"16":1,"17":1,"18":1,"19":1,"20":1,"21":1,"22":1,"23":1,"24":10,"25":0,"26":0,"27":0,"28":0,"29":1,"30":0,"31":0,"32":0,"33":0,"34":1,"35":1},"f":{"0":10,"1":0,"2":0,"3":0},"b":{"0":[8,2],"1":[10,10],"2":[0,0],"3":[0,0],"4":[0,0],"5":[0,0],"6":[0,0],"7":[0,0],"8":[0,0],"9":[0,0],"10":[0,0],"11":[0,0]},"_coverageSchema":"d34fc3e6b8297bcde183f5492bcb8fcb36775295","hash":"bc74d552033092aae351fbfed9fc4de2480e1fc8","contentHash":"5c0ccc7a95a4d1273f078d2740866ac7_12.0.2"},"/Users/samuelkungu/Desktop/Work/bright-events-reactJs/src/pages/EditEventPage.js":{"path":"/Users/samuelkungu/Desktop/Work/bright-events-reactJs/src/pages/EditEventPage.js","statementMap":{"0":{"start":{"line":3,"column":0},"end":{"line":5,"column":3}},"1":{"start":{"line":6,"column":0},"end":{"line":6,"column":34}},"2":{"start":{"line":7,"column":19},"end":{"line":7,"column":101}},"3":{"start":{"line":9,"column":19},"end":{"line":9,"column":563}},"4":{"start":{"line":9,"column":76},"end":{"line":9,"column":347}},"5":{"start":{"line":9,"column":134},"end":{"line":9,"column":142}},"6":{"start":{"line":9,"column":144},"end":{"line":9,"column":199}},"7":{"start":{"line":9,"column":200},"end":{"line":9,"column":231}},"8":{"start":{"line":9,"column":232},"end":{"line":9,"column":286}},"9":{"start":{"line":9,"column":259},"end":{"line":9,"column":286}},"10":{"start":{"line":9,"column":287},"end":{"line":9,"column":345}},"11":{"start":{"line":9,"column":350},"end":{"line":9,"column":559}},"12":{"start":{"line":9,"column":407},"end":{"line":9,"column":475}},"13":{"start":{"line":9,"column":423},"end":{"line":9,"column":475}},"14":{"start":{"line":9,"column":476},"end":{"line":9,"column":536}},"15":{"start":{"line":9,"column":493},"end":{"line":9,"column":536}},"16":{"start":{"line":9,"column":537},"end":{"line":9,"column":556}},"17":{"start":{"line":11,"column":13},"end":{"line":11,"column":29}},"18":{"start":{"line":13,"column":14},"end":{"line":13,"column":44}},"19":{"start":{"line":15,"column":17},"end":{"line":15,"column":38}},"20":{"start":{"line":17,"column":18},"end":{"line":17,"column":52}},"21":{"start":{"line":19,"column":14},"end":{"line":19,"column":43}},"22":{"start":{"line":21,"column":14},"end":{"line":21,"column":43}},"23":{"start":{"line":23,"column":15},"end":{"line":23,"column":46}},"24":{"start":{"line":25,"column":14},"end":{"line":25,"column":43}},"25":{"start":{"line":27,"column":15},"end":{"line":27,"column":46}},"26":{"start":{"line":29,"column":15},"end":{"line":29,"column":45}},"27":{"start":{"line":31,"column":16},"end":{"line":31,"column":48}},"28":{"start":{"line":33,"column":12},"end":{"line":33,"column":39}},"29":{"start":{"line":35,"column":13},"end":{"line":35,"column":42}},"30":{"start":{"line":37,"column":18},"end":{"line":37,"column":51}},"31":{"start":{"line":39,"column":19},"end":{"line":39,"column":54}},"32":{"start":{"line":41,"column":15},"end":{"line":41,"column":45}},"33":{"start":{"line":43,"column":16},"end":{"line":43,"column":48}},"34":{"start":{"line":45,"column":21},"end":{"line":45,"column":47}},"35":{"start":{"line":47,"column":22},"end":{"line":47,"column":60}},"36":{"start":{"line":49,"column":22},"end":{"line":49,"column":49}},"37":{"start":{"line":51,"column":26},"end":{"line":51,"column":69}},"38":{"start":{"line":53,"column":27},"end":{"line":53,"column":70}},"39":{"start":{"line":55,"column":19},"end":{"line":55,"column":50}},"40":{"start":{"line":57,"column":20},"end":{"line":57,"column":56}},"41":{"start":{"line":59,"column":11},"end":{"line":59,"column":28}},"42":{"start":{"line":61,"column":22},"end":{"line":61,"column":56}},"43":{"start":{"line":63,"column":13},"end":{"line":63,"column":29}},"44":{"start":{"line":65,"column":14},"end":{"line":65,"column":44}},"45":{"start":{"line":67,"column":16},"end":{"line":67,"column":53}},"46":{"start":{"line":69,"column":17},"end":{"line":69,"column":50}},"47":{"start":{"line":71,"column":39},"end":{"line":71,"column":93}},"48":{"start":{"line":73,"column":44},"end":{"line":73,"column":195}},"49":{"start":{"line":73,"column":62},"end":{"line":73,"column":166}},"50":{"start":{"line":73,"column":176},"end":{"line":73,"column":193}},"51":{"start":{"line":73,"column":196},"end":{"line":73,"column":207}},"52":{"start":{"line":75,"column":50},"end":{"line":75,"column":151}},"53":{"start":{"line":75,"column":92},"end":{"line":75,"column":149}},"54":{"start":{"line":77,"column":50},"end":{"line":77,"column":151}},"55":{"start":{"line":77,"column":63},"end":{"line":77,"column":149}},"56":{"start":{"line":77,"column":152},"end":{"line":77,"column":238}},"57":{"start":{"line":79,"column":43},"end":{"line":79,"column":208}},"58":{"start":{"line":79,"column":106},"end":{"line":79,"column":206}},"59":{"start":{"line":79,"column":209},"end":{"line":79,"column":373}},"60":{"start":{"line":79,"column":374},"end":{"line":79,"column":492}},"61":{"start":{"line":79,"column":390},"end":{"line":79,"column":492}},"62":{"start":{"line":81,"column":18},"end":{"line":81,"column":21}},"63":{"start":{"line":83,"column":13},"end":{"line":108,"column":1}},"64":{"start":{"line":84,"column":2},"end":{"line":107,"column":4}},"65":{"start":{"line":110,"column":11},"end":{"line":110,"column":38}},"66":{"start":{"line":112,"column":20},"end":{"line":319,"column":19}},"67":{"start":{"line":113,"column":2},"end":{"line":113,"column":39}},"68":{"start":{"line":116,"column":4},"end":{"line":116,"column":41}},"69":{"start":{"line":118,"column":16},"end":{"line":118,"column":133}},"70":{"start":{"line":120,"column":4},"end":{"line":126,"column":6}},"71":{"start":{"line":121,"column":6},"end":{"line":124,"column":7}},"72":{"start":{"line":122,"column":8},"end":{"line":122,"column":46}},"73":{"start":{"line":123,"column":8},"end":{"line":123,"column":58}},"74":{"start":{"line":125,"column":6},"end":{"line":125,"column":59}},"75":{"start":{"line":128,"column":4},"end":{"line":147,"column":6}},"76":{"start":{"line":129,"column":6},"end":{"line":146,"column":8}},"77":{"start":{"line":131,"column":8},"end":{"line":131,"column":70}},"78":{"start":{"line":133,"column":8},"end":{"line":143,"column":11}},"79":{"start":{"line":145,"column":8},"end":{"line":145,"column":44}},"80":{"start":{"line":149,"column":4},"end":{"line":184,"column":6}},"81":{"start":{"line":150,"column":6},"end":{"line":152,"column":9}},"82":{"start":{"line":155,"column":20},"end":{"line":158,"column":7}},"83":{"start":{"line":159,"column":6},"end":{"line":159,"column":50}},"84":{"start":{"line":161,"column":19},"end":{"line":163,"column":7}},"85":{"start":{"line":164,"column":6},"end":{"line":164,"column":61}},"86":{"start":{"line":165,"column":6},"end":{"line":183,"column":9}},"87":{"start":{"line":166,"column":8},"end":{"line":166,"column":37}},"88":{"start":{"line":167,"column":8},"end":{"line":175,"column":9}},"89":{"start":{"line":169,"column":10},"end":{"line":173,"column":13}},"90":{"start":{"line":174,"column":10},"end":{"line":174,"column":78}},"91":{"start":{"line":177,"column":8},"end":{"line":177,"column":50}},"92":{"start":{"line":178,"column":8},"end":{"line":182,"column":11}},"93":{"start":{"line":186,"column":4},"end":{"line":204,"column":6}},"94":{"start":{"line":205,"column":4},"end":{"line":205,"column":45}},"95":{"start":{"line":206,"column":4},"end":{"line":206,"column":17}},"96":{"start":{"line":212,"column":2},"end":{"line":316,"column":6}},"97":{"start":{"line":215,"column":20},"end":{"line":215,"column":38}},"98":{"start":{"line":216,"column":19},"end":{"line":216,"column":29}},"99":{"start":{"line":217,"column":21},"end":{"line":217,"column":36}},"100":{"start":{"line":218,"column":23},"end":{"line":218,"column":40}},"101":{"start":{"line":221,"column":6},"end":{"line":314,"column":8}},"102":{"start":{"line":318,"column":2},"end":{"line":318,"column":23}},"103":{"start":{"line":321,"column":0},"end":{"line":323,"column":2}},"104":{"start":{"line":325,"column":0},"end":{"line":325,"column":65}}},"fnMap":{"0":{"name":"(anonymous_0)","decl":{"start":{"line":9,"column":19},"end":{"line":9,"column":20}},"loc":{"start":{"line":9,"column":31},"end":{"line":9,"column":561}},"line":9},"1":{"name":"defineProperties","decl":{"start":{"line":9,"column":42},"end":{"line":9,"column":58}},"loc":{"start":{"line":9,"column":74},"end":{"line":9,"column":349}},"line":9},"2":{"name":"(anonymous_2)","decl":{"start":{"line":9,"column":357},"end":{"line":9,"column":358}},"loc":{"start":{"line":9,"column":405},"end":{"line":9,"column":558}},"line":9},"3":{"name":"_interopRequireDefault","decl":{"start":{"line":71,"column":9},"end":{"line":71,"column":31}},"loc":{"start":{"line":71,"column":37},"end":{"line":71,"column":95}},"line":71},"4":{"name":"_defineProperty","decl":{"start":{"line":73,"column":9},"end":{"line":73,"column":24}},"loc":{"start":{"line":73,"column":42},"end":{"line":73,"column":209}},"line":73},"5":{"name":"_classCallCheck","decl":{"start":{"line":75,"column":9},"end":{"line":75,"column":24}},"loc":{"start":{"line":75,"column":48},"end":{"line":75,"column":153}},"line":75},"6":{"name":"_possibleConstructorReturn","decl":{"start":{"line":77,"column":9},"end":{"line":77,"column":35}},"loc":{"start":{"line":77,"column":48},"end":{"line":77,"column":240}},"line":77},"7":{"name":"_inherits","decl":{"start":{"line":79,"column":9},"end":{"line":79,"column":18}},"loc":{"start":{"line":79,"column":41},"end":{"line":79,"column":494}},"line":79},"8":{"name":"styles","decl":{"start":{"line":83,"column":22},"end":{"line":83,"column":28}},"loc":{"start":{"line":83,"column":36},"end":{"line":108,"column":1}},"line":83},"9":{"name":"(anonymous_9)","decl":{"start":{"line":112,"column":44},"end":{"line":112,"column":45}},"loc":{"start":{"line":112,"column":66},"end":{"line":319,"column":1}},"line":112},"10":{"name":"EditEventPage","decl":{"start":{"line":115,"column":11},"end":{"line":115,"column":24}},"loc":{"start":{"line":115,"column":32},"end":{"line":207,"column":3}},"line":115},"11":{"name":"(anonymous_11)","decl":{"start":{"line":120,"column":31},"end":{"line":120,"column":32}},"loc":{"start":{"line":120,"column":43},"end":{"line":126,"column":5}},"line":120},"12":{"name":"(anonymous_12)","decl":{"start":{"line":128,"column":25},"end":{"line":128,"column":26}},"loc":{"start":{"line":128,"column":41},"end":{"line":147,"column":5}},"line":128},"13":{"name":"(anonymous_13)","decl":{"start":{"line":129,"column":13},"end":{"line":129,"column":14}},"loc":{"start":{"line":129,"column":30},"end":{"line":146,"column":7}},"line":129},"14":{"name":"(anonymous_14)","decl":{"start":{"line":149,"column":24},"end":{"line":149,"column":25}},"loc":{"start":{"line":149,"column":41},"end":{"line":184,"column":5}},"line":149},"15":{"name":"(anonymous_15)","decl":{"start":{"line":165,"column":148},"end":{"line":165,"column":149}},"loc":{"start":{"line":165,"column":168},"end":{"line":176,"column":7}},"line":165},"16":{"name":"(anonymous_16)","decl":{"start":{"line":176,"column":15},"end":{"line":176,"column":16}},"loc":{"start":{"line":176,"column":32},"end":{"line":183,"column":7}},"line":176},"17":{"name":"render","decl":{"start":{"line":214,"column":20},"end":{"line":214,"column":26}},"loc":{"start":{"line":214,"column":29},"end":{"line":315,"column":5}},"line":214}},"branchMap":{"0":{"loc":{"start":{"line":9,"column":168},"end":{"line":9,"column":198}},"type":"binary-expr","locations":[{"start":{"line":9,"column":168},"end":{"line":9,"column":189}},{"start":{"line":9,"column":193},"end":{"line":9,"column":198}}],"line":9},"1":{"loc":{"start":{"line":9,"column":232},"end":{"line":9,"column":286}},"type":"if","locations":[{"start":{"line":9,"column":232},"end":{"line":9,"column":286}},{"start":{"line":9,"column":232},"end":{"line":9,"column":286}}],"line":9},"2":{"loc":{"start":{"line":9,"column":407},"end":{"line":9,"column":475}},"type":"if","locations":[{"start":{"line":9,"column":407},"end":{"line":9,"column":475}},{"start":{"line":9,"column":407},"end":{"line":9,"column":475}}],"line":9},"3":{"loc":{"start":{"line":9,"column":476},"end":{"line":9,"column":536}},"type":"if","locations":[{"start":{"line":9,"column":476},"end":{"line":9,"column":536}},{"start":{"line":9,"column":476},"end":{"line":9,"column":536}}],"line":9},"4":{"loc":{"start":{"line":71,"column":46},"end":{"line":71,"column":92}},"type":"cond-expr","locations":[{"start":{"line":71,"column":70},"end":{"line":71,"column":73}},{"start":{"line":71,"column":76},"end":{"line":71,"column":92}}],"line":71},"5":{"loc":{"start":{"line":71,"column":46},"end":{"line":71,"column":67}},"type":"binary-expr","locations":[{"start":{"line":71,"column":46},"end":{"line":71,"column":49}},{"start":{"line":71,"column":53},"end":{"line":71,"column":67}}],"line":71},"6":{"loc":{"start":{"line":73,"column":44},"end":{"line":73,"column":195}},"type":"if","locations":[{"start":{"line":73,"column":44},"end":{"line":73,"column":195}},{"start":{"line":73,"column":44},"end":{"line":73,"column":195}}],"line":73},"7":{"loc":{"start":{"line":75,"column":50},"end":{"line":75,"column":151}},"type":"if","locations":[{"start":{"line":75,"column":50},"end":{"line":75,"column":151}},{"start":{"line":75,"column":50},"end":{"line":75,"column":151}}],"line":75},"8":{"loc":{"start":{"line":77,"column":50},"end":{"line":77,"column":151}},"type":"if","locations":[{"start":{"line":77,"column":50},"end":{"line":77,"column":151}},{"start":{"line":77,"column":50},"end":{"line":77,"column":151}}],"line":77},"9":{"loc":{"start":{"line":77,"column":159},"end":{"line":77,"column":237}},"type":"cond-expr","locations":[{"start":{"line":77,"column":226},"end":{"line":77,"column":230}},{"start":{"line":77,"column":233},"end":{"line":77,"column":237}}],"line":77},"10":{"loc":{"start":{"line":77,"column":159},"end":{"line":77,"column":223}},"type":"binary-expr","locations":[{"start":{"line":77,"column":159},"end":{"line":77,"column":163}},{"start":{"line":77,"column":168},"end":{"line":77,"column":192}},{"start":{"line":77,"column":196},"end":{"line":77,"column":222}}],"line":77},"11":{"loc":{"start":{"line":79,"column":43},"end":{"line":79,"column":208}},"type":"if","locations":[{"start":{"line":79,"column":43},"end":{"line":79,"column":208}},{"start":{"line":79,"column":43},"end":{"line":79,"column":208}}],"line":79},"12":{"loc":{"start":{"line":79,"column":47},"end":{"line":79,"column":102}},"type":"binary-expr","locations":[{"start":{"line":79,"column":47},"end":{"line":79,"column":79}},{"start":{"line":79,"column":83},"end":{"line":79,"column":102}}],"line":79},"13":{"loc":{"start":{"line":79,"column":244},"end":{"line":79,"column":278}},"type":"binary-expr","locations":[{"start":{"line":79,"column":244},"end":{"line":79,"column":254}},{"start":{"line":79,"column":258},"end":{"line":79,"column":278}}],"line":79},"14":{"loc":{"start":{"line":79,"column":374},"end":{"line":79,"column":492}},"type":"if","locations":[{"start":{"line":79,"column":374},"end":{"line":79,"column":492}},{"start":{"line":79,"column":374},"end":{"line":79,"column":492}}],"line":79},"15":{"loc":{"start":{"line":79,"column":390},"end":{"line":79,"column":491}},"type":"cond-expr","locations":[{"start":{"line":79,"column":414},"end":{"line":79,"column":457}},{"start":{"line":79,"column":460},"end":{"line":79,"column":491}}],"line":79},"16":{"loc":{"start":{"line":118,"column":50},"end":{"line":118,"column":113}},"type":"binary-expr","locations":[{"start":{"line":118,"column":50},"end":{"line":118,"column":73}},{"start":{"line":118,"column":77},"end":{"line":118,"column":113}}],"line":118},"17":{"loc":{"start":{"line":121,"column":6},"end":{"line":124,"column":7}},"type":"if","locations":[{"start":{"line":121,"column":6},"end":{"line":124,"column":7}},{"start":{"line":121,"column":6},"end":{"line":124,"column":7}}],"line":121},"18":{"loc":{"start":{"line":167,"column":8},"end":{"line":175,"column":9}},"type":"if","locations":[{"start":{"line":167,"column":8},"end":{"line":175,"column":9}},{"start":{"line":167,"column":8},"end":{"line":175,"column":9}}],"line":167}},"s":{"0":1,"1":1,"2":1,"3":1,"4":1,"5":1,"6":1,"7":1,"8":1,"9":1,"10":1,"11":1,"12":1,"13":1,"14":1,"15":0,"16":1,"17":1,"18":1,"19":1,"20":1,"21":1,"22":1,"23":1,"24":1,"25":1,"26":1,"27":1,"28":1,"29":1,"30":1,"31":1,"32":1,"33":1,"34":1,"35":1,"36":1,"37":1,"38":1,"39":1,"40":1,"41":1,"42":1,"43":1,"44":1,"45":1,"46":1,"47":13,"48":0,"49":0,"50":0,"51":0,"52":0,"53":0,"54":0,"55":0,"56":0,"57":1,"58":0,"59":1,"60":1,"61":1,"62":1,"63":1,"64":0,"65":1,"66":1,"67":1,"68":0,"69":0,"70":0,"71":0,"72":0,"73":0,"74":0,"75":0,"76":0,"77":0,"78":0,"79":0,"80":0,"81":0,"82":0,"83":0,"84":0,"85":0,"86":0,"87":0,"88":0,"89":0,"90":0,"91":0,"92":0,"93":0,"94":0,"95":0,"96":1,"97":0,"98":0,"99":0,"100":0,"101":0,"102":1,"103":1,"104":1},"f":{"0":1,"1":1,"2":1,"3":13,"4":0,"5":0,"6":0,"7":1,"8":0,"9":1,"10":0,"11":0,"12":0,"13":0,"14":0,"15":0,"16":0,"17":0},"b":{"0":[1,1],"1":[1,0],"2":[1,0],"3":[0,1],"4":[10,3],"5":[13,13],"6":[0,0],"7":[0,0],"8":[0,0],"9":[0,0],"10":[0,0,0],"11":[0,1],"12":[1,0],"13":[1,1],"14":[1,0],"15":[1,0],"16":[0,0],"17":[0,0],"18":[0,0]},"_coverageSchema":"d34fc3e6b8297bcde183f5492bcb8fcb36775295","hash":"1c0fa3ca4e3d7a26cb8a5f7e36ef13d52a8253a1","contentHash":"3ced2fb1dfacc9a572620e1c086656d8_12.0.2"}}